#
# A fatal error has been detected by the Java Runtime Environment:
#
#  SIGSEGV (0xb) at pc=0x00007fcd614e16d0, pid=272591, tid=272592
#
# JRE version: OpenJDK Runtime Environment Temurin-17+35 (17.0+35) (build 17+35)
# Java VM: OpenJDK 64-Bit Server VM Temurin-17+35 (17+35, mixed mode, sharing, tiered, compressed oops, compressed class ptrs, g1 gc, linux-amd64)
# Problematic frame:
# v  ~StubRoutines::jbyte_disjoint_arraycopy
#
# Core dump will be written. Default location: Core dumps may be processed with "/usr/lib/systemd/systemd-coredump %P %u %g %s %t %c %h" (or dumping to /home/cope/projects/pixelmon-generations/StandaloneRenderer/core.272591)
#
# If you would like to submit a bug report, please visit:
#   https://github.com/adoptium/adoptium-support/issues
#

---------------  S U M M A R Y ------------

Command Line: -agentlib:jdwp=transport=dt_socket,address=127.0.0.1:55217,suspend=y,server=n -javaagent:/home/cope/.local/share/JetBrains/Toolbox/apps/IDEA-U/ch-0/213.6461.79/plugins/java/lib/rt/debugger-agent.jar -Dfile.encoding=UTF-8 cf.hydos.renderer.main.AnimationApp

Host: AMD Ryzen 5 2600 Six-Core Processor, 12 cores, 31G, Arch Linux
Time: Wed Jan 12 17:19:37 2022 AEST elapsed time: 0.776405 seconds (0d 0h 0m 0s)

---------------  T H R E A D  ---------------

Current thread (0x00007fcd780276c0):  JavaThread "main" [_thread_in_vm, id=272592, stack(0x00007fcd7e757000,0x00007fcd7e858000)]

Stack: [0x00007fcd7e757000,0x00007fcd7e858000],  sp=0x00007fcd7e856250,  free space=1020k
Native frames: (J=compiled Java code, j=interpreted, Vv=VM code, C=native code)
v  ~StubRoutines::jbyte_disjoint_arraycopy
V  [libjvm.so+0xf3f7d8]
J 505  jdk.internal.misc.Unsafe.copyMemory0(Ljava/lang/Object;JLjava/lang/Object;JJ)V java.base@17 (0 bytes) @ 0x00007fcd68fa180c [0x00007fcd68fa1720+0x00000000000000ec]
J 498 c1 jdk.internal.misc.Unsafe.copyMemory(Ljava/lang/Object;JLjava/lang/Object;JJ)V java.base@17 (33 bytes) @ 0x00007fcd61afc1ac [0x00007fcd61afb960+0x000000000000084c]
j  jdk.internal.misc.Unsafe.copyMemory(JJJ)V+7 java.base@17
j  sun.misc.Unsafe.copyMemory(JJJ)V+7 jdk.unsupported@17
j  org.lwjgl.system.MultiReleaseMemCopy.copy(JJJ)V+68
j  org.lwjgl.system.MemoryUtil.memCopy(Ljava/nio/ByteBuffer;Ljava/nio/ByteBuffer;)V+27
j  cf.hydos.renderer.textures.TextureUtils.decodeTextureFile(Lcf/hydos/renderer/utils/MyFile;)Lcf/hydos/renderer/textures/TextureData;+37
j  cf.hydos.renderer.textures.TextureBuilder.create()Lcf/hydos/renderer/textures/Texture;+4
j  cf.hydos.renderer.loaders.AnimatedModelLoader.loadTexture(Lcf/hydos/renderer/utils/MyFile;)Lcf/hydos/renderer/textures/Texture;+7
j  cf.hydos.renderer.loaders.AnimatedModelLoader.loadEntity(Lcf/hydos/renderer/utils/MyFile;Lcf/hydos/renderer/utils/MyFile;)Lcf/hydos/renderer/animatedModel/AnimatedModel;+15
j  cf.hydos.renderer.main.SceneLoader.loadScene()Lcf/hydos/renderer/scene/Scene;+26
j  cf.hydos.renderer.main.AnimationApp.main([Ljava/lang/String;)V+4
v  ~StubRoutines::call_stub
V  [libjvm.so+0x8526e4]
V  [libjvm.so+0x8ead19]
V  [libjvm.so+0x8ed6ab]
C  [libjli.so+0x585d]
C  [libjli.so+0x8889]

Java frames: (J=compiled Java code, j=interpreted, Vv=VM code)
J 505  jdk.internal.misc.Unsafe.copyMemory0(Ljava/lang/Object;JLjava/lang/Object;JJ)V java.base@17 (0 bytes) @ 0x00007fcd68fa178f [0x00007fcd68fa1720+0x000000000000006f]
J 498 c1 jdk.internal.misc.Unsafe.copyMemory(Ljava/lang/Object;JLjava/lang/Object;JJ)V java.base@17 (33 bytes) @ 0x00007fcd61afc1ac [0x00007fcd61afb960+0x000000000000084c]
j  jdk.internal.misc.Unsafe.copyMemory(JJJ)V+7 java.base@17
j  sun.misc.Unsafe.copyMemory(JJJ)V+7 jdk.unsupported@17
j  org.lwjgl.system.MultiReleaseMemCopy.copy(JJJ)V+68
j  org.lwjgl.system.MemoryUtil.memCopy(Ljava/nio/ByteBuffer;Ljava/nio/ByteBuffer;)V+27
j  cf.hydos.renderer.textures.TextureUtils.decodeTextureFile(Lcf/hydos/renderer/utils/MyFile;)Lcf/hydos/renderer/textures/TextureData;+37
j  cf.hydos.renderer.textures.TextureBuilder.create()Lcf/hydos/renderer/textures/Texture;+4
j  cf.hydos.renderer.loaders.AnimatedModelLoader.loadTexture(Lcf/hydos/renderer/utils/MyFile;)Lcf/hydos/renderer/textures/Texture;+7
j  cf.hydos.renderer.loaders.AnimatedModelLoader.loadEntity(Lcf/hydos/renderer/utils/MyFile;Lcf/hydos/renderer/utils/MyFile;)Lcf/hydos/renderer/animatedModel/AnimatedModel;+15
j  cf.hydos.renderer.main.SceneLoader.loadScene()Lcf/hydos/renderer/scene/Scene;+26
j  cf.hydos.renderer.main.AnimationApp.main([Ljava/lang/String;)V+4
v  ~StubRoutines::call_stub

siginfo: si_signo: 11 (SIGSEGV), si_code: 1 (SEGV_MAPERR), si_addr: 0x0000000000000010

Register to memory mapping:

RAX=0x0000000000071139 is an unknown value
RBX=0x00007fcd780276c0 is a thread
RCX=0x0000000000071129 is an unknown value
RDX=0xffffffffffff1de3 is an unknown value
RSP=0x00007fcd7e856250 is pointing into the stack for thread: 0x00007fcd780276c0
RBP=0x00007fcd7e856250 is pointing into the stack for thread: 0x00007fcd780276c0
RSI=0x00007fcd78c4a9f0 points into unknown readable memory: 0x0000000000000000 | 00 00 00 00 00 00 00 00
RDI=0x0000000000071130 is an unknown value
R8 =0x0 is NULL
R9 =0x00007fcd78bd98d0 points into unknown readable memory: 0x0000000000000000 | 00 00 00 00 00 00 00 00
R10=0x00007fcd68fa178f is at entry_point+111 in (nmethod*)0x00007fcd68fa1590
R11=0x00007fcd61afb980 is at entry_point+32 in (nmethod*)0x00007fcd61afb690
R12=0x0 is NULL
R13=0x0 is NULL
R14=0x00007fcd78bd98d0 points into unknown readable memory: 0x0000000000000000 | 00 00 00 00 00 00 00 00
R15=0x0000000000000010 is an unknown value


Registers:
RAX=0x0000000000071139, RBX=0x00007fcd780276c0, RCX=0x0000000000071129, RDX=0xffffffffffff1de3
RSP=0x00007fcd7e856250, RBP=0x00007fcd7e856250, RSI=0x00007fcd78c4a9f0, RDI=0x0000000000071130
R8 =0x0000000000000000, R9 =0x00007fcd78bd98d0, R10=0x00007fcd68fa178f, R11=0x00007fcd61afb980
R12=0x0000000000000000, R13=0x0000000000000000, R14=0x00007fcd78bd98d0, R15=0x0000000000000010
RIP=0x00007fcd614e16d0, EFLAGS=0x0000000000010292, CSGSFS=0x002b000000000033, ERR=0x0000000000000004
  TRAPNO=0x000000000000000e

Top of Stack: (sp=0x00007fcd7e856250)
0x00007fcd7e856250:   00007fcd7e856290 00007fcd7f8e67d8
0x00007fcd7e856260:   0000000800091e98 00000000000001ef
0x00007fcd7e856270:   0000000000000000 00007fcd7e856440
0x00007fcd7e856280:   00007fcd7e856510 00007fcd780276c0 

Instructions: (pc=0x00007fcd614e16d0)
0x00007fcd614e15d0:   00 00 00 00 00 00 00 80 00 00 00 00 00 00 00 80
0x00007fcd614e15e0:   00 01 02 03 04 05 06 07 08 09 0a 0b 0c 0d 0e 0f
0x00007fcd614e15f0:   10 11 12 13 14 15 16 17 18 19 1a 1b 1c 1d 1e 1f
0x00007fcd614e1600:   20 21 22 23 24 25 26 27 28 29 2a 2b 2c 2d 2e 2f
0x00007fcd614e1610:   30 31 32 33 34 35 36 37 38 39 3a 3b 3c 3d 3e 3f
0x00007fcd614e1620:   55 48 8b ec 66 0f ae 3f c9 c3 66 66 66 0f 1f 84
0x00007fcd614e1630:   00 00 00 00 00 66 66 66 0f 1f 84 00 00 00 00 00
0x00007fcd614e1640:   55 48 8b ec 83 ff 00 0f 85 03 00 00 00 0f ae f8
0x00007fcd614e1650:   c9 c3 0f 1f 80 00 00 00 00 0f 1f 80 00 00 00 00
0x00007fcd614e1660:   55 48 8b ec 48 8b ca 48 c1 ea 03 48 8d 7c d7 f8
0x00007fcd614e1670:   48 8d 74 d6 f8 48 f7 da e9 6b 00 00 00 48 8b 44
0x00007fcd614e1680:   d7 08 48 89 44 d6 08 48 ff c2 75 f1 f7 c1 04 00
0x00007fcd614e1690:   00 00 74 0e 8b 47 08 89 46 08 48 83 c7 04 48 83
0x00007fcd614e16a0:   c6 04 f7 c1 02 00 00 00 74 10 66 8b 47 08 66 89
0x00007fcd614e16b0:   46 08 48 83 c7 02 48 83 c6 02 f7 c1 01 00 00 00
0x00007fcd614e16c0:   74 06 8a 47 08 88 46 08 48 33 c0 c5 f8 77 c9 c3
0x00007fcd614e16d0:   c5 fe 6f 44 d7 c8 c5 fe 7f 44 d6 c8 c5 fe 6f 4c
0x00007fcd614e16e0:   d7 e8 c5 fe 7f 4c d6 e8 48 83 c2 08 7e e2 48 83
0x00007fcd614e16f0:   ea 04 7f 10 c5 fe 6f 44 d7 e8 c5 fe 7f 44 d6 e8
0x00007fcd614e1700:   48 83 c2 04 c5 fd ef c0 c5 f5 ef c9 48 83 ea 04
0x00007fcd614e1710:   0f 8c 67 ff ff ff e9 71 ff ff ff 0f 1f 44 00 00
0x00007fcd614e1720:   55 48 8b ec 48 3b f7 48 8d 04 17 0f 86 33 ff ff
0x00007fcd614e1730:   ff 48 3b f0 0f 83 2a ff ff ff 48 8b ca 48 c1 ea
0x00007fcd614e1740:   03 f7 c1 01 00 00 00 0f 84 0b 00 00 00 8a 44 0f
0x00007fcd614e1750:   ff 88 44 0e ff 48 ff c9 f7 c1 02 00 00 00 0f 84
0x00007fcd614e1760:   0a 00 00 00 66 8b 44 0f fe 66 89 44 0e fe f7 c1
0x00007fcd614e1770:   04 00 00 00 0f 84 3c 00 00 00 8b 04 d7 89 04 d6
0x00007fcd614e1780:   e9 31 00 00 00 48 8b 44 d7 f8 48 89 44 d6 f8 48
0x00007fcd614e1790:   ff ca 75 f1 48 33 c0 c5 f8 77 c9 c3 0f 1f 40 00
0x00007fcd614e17a0:   c5 fe 6f 44 d7 20 c5 fe 7f 44 d6 20 c5 fe 6f 0c
0x00007fcd614e17b0:   d7 c5 fe 7f 0c d6 48 83 ea 08 7d e4 48 83 c2 04
0x00007fcd614e17c0:   7c 0e c5 fe 6f 04 d7 c5 fe 7f 04 d6 48 83 ea 04 


Stack slot to memory mapping:
stack at sp + 0 slots: 0x00007fcd7e856290 is pointing into the stack for thread: 0x00007fcd780276c0
stack at sp + 1 slots: 0x00007fcd7f8e67d8: <offset 0x0000000000f3f7d8> in /usr/lib/jvm/java-17-adoptopenjdk/lib/server/libjvm.so at 0x00007fcd7e9a7000
stack at sp + 2 slots: {method} {0x0000000800091e98} 'remaining' '()I' in 'java/nio/Buffer'
stack at sp + 3 slots: 0x00000000000001ef is an unknown value
stack at sp + 4 slots: 0x0 is NULL
stack at sp + 5 slots: 0x00007fcd7e856440 is pointing into the stack for thread: 0x00007fcd780276c0
stack at sp + 6 slots: 0x00007fcd7e856510 is pointing into the stack for thread: 0x00007fcd780276c0
stack at sp + 7 slots: 0x00007fcd780276c0 is a thread

StubRoutines::jbyte_disjoint_arraycopy [0x00007fcd614e1660, 0x00007fcd614e171b] (187 bytes)
[MachCode]
  0x00007fcd614e1660: 5548 8bec | 488b ca48 | c1ea 0348 | 8d7c d7f8 | 488d 74d6 | f848 f7da | e96b 0000 | 0048 8b44 
  0x00007fcd614e1680: d708 4889 | 44d6 0848 | ffc2 75f1 | f7c1 0400 | 0000 740e | 8b47 0889 | 4608 4883 | c704 4883 
  0x00007fcd614e16a0: c604 f7c1 | 0200 0000 | 7410 668b | 4708 6689 | 4608 4883 | c702 4883 | c602 f7c1 | 0100 0000 
  0x00007fcd614e16c0: 7406 8a47 | 0888 4608 | 4833 c0c5 | f877 c9c3 | c5fe 6f44 | d7c8 c5fe | 7f44 d6c8 | c5fe 6f4c 
  0x00007fcd614e16e0: d7e8 c5fe | 7f4c d6e8 | 4883 c208 | 7ee2 4883 | ea04 7f10 | c5fe 6f44 | d7e8 c5fe | 7f44 d6e8 
  0x00007fcd614e1700: 4883 c204 | c5fd efc0 | c5f5 efc9 | 4883 ea04 | 0f8c 67ff | ffff e971 | 
[/MachCode]

---------------  P R O C E S S  ---------------

Threads class SMR info:
_java_thread_list=0x00007fcd10255dd0, length=16, elements={
0x00007fcd780276c0, 0x00007fcd78162430, 0x00007fcd78163810, 0x00007fcd78167a40,
0x00007fcd78168df0, 0x00007fcd7816a200, 0x00007fcd7816bbb0, 0x00007fcd7816d0e0,
0x00007fcd78176540, 0x00007fcd78181140, 0x00007fcd781e7820, 0x00007fcd781eb150,
0x00007fcd0c001120, 0x00007fcd781fc860, 0x00007fcd10253bd0, 0x00007fcd10254dc0
}

Java Threads: ( => current thread )
=>0x00007fcd780276c0 JavaThread "main" [_thread_in_vm, id=272592, stack(0x00007fcd7e757000,0x00007fcd7e858000)]
  0x00007fcd78162430 JavaThread "Reference Handler" daemon [_thread_blocked, id=272601, stack(0x00007fcd4c32a000,0x00007fcd4c42b000)]
  0x00007fcd78163810 JavaThread "Finalizer" daemon [_thread_blocked, id=272602, stack(0x00007fcd4c229000,0x00007fcd4c32a000)]
  0x00007fcd78167a40 JavaThread "Signal Dispatcher" daemon [_thread_blocked, id=272603, stack(0x00007fcd4c128000,0x00007fcd4c229000)]
  0x00007fcd78168df0 JavaThread "Service Thread" daemon [_thread_blocked, id=272604, stack(0x00007fcd4c027000,0x00007fcd4c128000)]
  0x00007fcd7816a200 JavaThread "Monitor Deflation Thread" daemon [_thread_blocked, id=272605, stack(0x00007fcd376ff000,0x00007fcd37800000)]
  0x00007fcd7816bbb0 JavaThread "C2 CompilerThread0" daemon [_thread_in_native, id=272606, stack(0x00007fcd375fe000,0x00007fcd376ff000)]
  0x00007fcd7816d0e0 JavaThread "C1 CompilerThread0" daemon [_thread_blocked, id=272607, stack(0x00007fcd374fd000,0x00007fcd375fe000)]
  0x00007fcd78176540 JavaThread "Sweeper thread" daemon [_thread_blocked, id=272608, stack(0x00007fcd373fc000,0x00007fcd374fd000)]
  0x00007fcd78181140 JavaThread "Common-Cleaner" daemon [_thread_blocked, id=272609, stack(0x00007fcd372fb000,0x00007fcd373fc000)]
  0x00007fcd781e7820 JavaThread "JDWP Transport Listener: dt_socket" daemon [_thread_blocked, id=272610, stack(0x00007fcd36ff4000,0x00007fcd370f5000)]
  0x00007fcd781eb150 JavaThread "JDWP Event Helper Thread" daemon [_thread_blocked, id=272612, stack(0x00007fcd36ef3000,0x00007fcd36ff4000)]
  0x00007fcd0c001120 JavaThread "JDWP Command Reader" daemon [_thread_in_native, id=272614, stack(0x00007fcd36df2000,0x00007fcd36ef3000)]
  0x00007fcd781fc860 JavaThread "Notification Thread" daemon [_thread_blocked, id=272616, stack(0x00007fcd36cf1000,0x00007fcd36df2000)]
  0x00007fcd10253bd0 JavaThread "C2 CompilerThread1" daemon [_thread_in_native, id=272631, stack(0x00007fcd34987000,0x00007fcd34a88000)]
  0x00007fcd10254dc0 JavaThread "C2 CompilerThread2" daemon [_thread_blocked, id=272632, stack(0x00007fcd34886000,0x00007fcd34987000)]

Other Threads:
  0x00007fcd7815e3e0 VMThread "VM Thread" [stack: 0x00007fcd4c42d000,0x00007fcd4c52d000] [id=272600]
  0x00007fcd781fe030 WatcherThread [stack: 0x00007fcd36bf1000,0x00007fcd36cf1000] [id=272617]
  0x00007fcd7805ecd0 GCTaskThread "GC Thread#0" [stack: 0x00007fcd7cbdc000,0x00007fcd7ccdc000] [id=272595]
  0x00007fcd30006600 GCTaskThread "GC Thread#1" [stack: 0x00007fcd34786000,0x00007fcd34886000] [id=272633]
  0x00007fcd30007060 GCTaskThread "GC Thread#2" [stack: 0x00007fcd34684000,0x00007fcd34784000] [id=272634]
  0x00007fcd30007ac0 GCTaskThread "GC Thread#3" [stack: 0x00007fcd34582000,0x00007fcd34682000] [id=272635]
  0x00007fcd30008950 GCTaskThread "GC Thread#4" [stack: 0x00007fcd34480000,0x00007fcd34580000] [id=272636]
  0x00007fcd300097e0 GCTaskThread "GC Thread#5" [stack: 0x00007fcd3437e000,0x00007fcd3447e000] [id=272637]
  0x00007fcd3000a670 GCTaskThread "GC Thread#6" [stack: 0x00007fcd3427c000,0x00007fcd3437c000] [id=272638]
  0x00007fcd3000b110 GCTaskThread "GC Thread#7" [stack: 0x00007fcd3417a000,0x00007fcd3427a000] [id=272639]
  0x00007fcd3000bbb0 GCTaskThread "GC Thread#8" [stack: 0x00007fcd34078000,0x00007fcd34178000] [id=272640]
  0x00007fcd3000ca40 GCTaskThread "GC Thread#9" [stack: 0x00007fccf5cae000,0x00007fccf5dae000] [id=272641]
  0x00007fcd7806fd20 ConcurrentGCThread "G1 Main Marker" [stack: 0x00007fcd7cada000,0x00007fcd7cbda000] [id=272596]
  0x00007fcd78070c80 ConcurrentGCThread "G1 Conc#0" [stack: 0x00007fcd7c9d8000,0x00007fcd7cad8000] [id=272597]
  0x00007fcd7812f4a0 ConcurrentGCThread "G1 Refine#0" [stack: 0x00007fcd4c981000,0x00007fcd4ca81000] [id=272598]
  0x00007fcd78130390 ConcurrentGCThread "G1 Service" [stack: 0x00007fcd4c87f000,0x00007fcd4c97f000] [id=272599]

Threads with active compile tasks:
C2 CompilerThread0      781  838       4       jdk.internal.math.FloatingDecimal$ASCIIToBinaryBuffer::floatValue (1087 bytes)
C2 CompilerThread1      781  860       4       cf.hydos.renderer.colladaLoader.GeometryLoader::dealWithAlreadyProcessedVertex (125 bytes)

VM state: not at safepoint (normal execution)

VM Mutex/Monitor currently owned by a thread: None

Heap address: 0x000000060b800000, size: 8008 MB, Compressed Oops mode: Zero based, Oop shift amount: 3

CDS archive(s) mapped at: [0x0000000800000000-0x0000000800bcd000-0x0000000800bcd000), size 12374016, SharedBaseAddress: 0x0000000800000000, ArchiveRelocationMode: 0.
Compressed class space mapped at: 0x0000000800c00000-0x0000000840c00000, reserved size: 1073741824
Narrow klass base: 0x0000000800000000, Narrow klass shift: 0, Narrow klass range: 0x100000000

GC Precious Log:
 CPUs: 12 total, 12 available
 Memory: 32028M
 Large Page Support: Disabled
 NUMA Support: Disabled
 Compressed Oops: Enabled (Zero based)
 Heap Region Size: 4M
 Heap Min Capacity: 8M
 Heap Initial Capacity: 504M
 Heap Max Capacity: 8008M
 Pre-touch: Disabled
 Parallel Workers: 10
 Concurrent Workers: 3
 Concurrent Refinement Workers: 10
 Periodic GC: Disabled

Heap:
 garbage-first heap   total 524288K, used 7421K [0x000000060b800000, 0x0000000800000000)
  region size 4096K, 2 young (8192K), 1 survivors (4096K)
 Metaspace       used 5862K, committed 6080K, reserved 1064960K
  class space    used 283K, committed 384K, reserved 1048576K

Heap Regions: E=young(eden), S=young(survivor), O=old, HS=humongous(starts), HC=humongous(continues), CS=collection set, F=free, OA=open archive, CA=closed archive, TAMS=top-at-mark-start (previous, next)
|   0|0x000000060b800000, 0x000000060b800000, 0x000000060bc00000|  0%| F|  |TAMS 0x000000060b800000, 0x000000060b800000| Untracked 
|   1|0x000000060bc00000, 0x000000060bc00000, 0x000000060c000000|  0%| F|  |TAMS 0x000000060bc00000, 0x000000060bc00000| Untracked 
|   2|0x000000060c000000, 0x000000060c000000, 0x000000060c400000|  0%| F|  |TAMS 0x000000060c000000, 0x000000060c000000| Untracked 
|   3|0x000000060c400000, 0x000000060c400000, 0x000000060c800000|  0%| F|  |TAMS 0x000000060c400000, 0x000000060c400000| Untracked 
|   4|0x000000060c800000, 0x000000060c800000, 0x000000060cc00000|  0%| F|  |TAMS 0x000000060c800000, 0x000000060c800000| Untracked 
|   5|0x000000060cc00000, 0x000000060cc00000, 0x000000060d000000|  0%| F|  |TAMS 0x000000060cc00000, 0x000000060cc00000| Untracked 
|   6|0x000000060d000000, 0x000000060d000000, 0x000000060d400000|  0%| F|  |TAMS 0x000000060d000000, 0x000000060d000000| Untracked 
|   7|0x000000060d400000, 0x000000060d400000, 0x000000060d800000|  0%| F|  |TAMS 0x000000060d400000, 0x000000060d400000| Untracked 
|   8|0x000000060d800000, 0x000000060d800000, 0x000000060dc00000|  0%| F|  |TAMS 0x000000060d800000, 0x000000060d800000| Untracked 
|   9|0x000000060dc00000, 0x000000060dc00000, 0x000000060e000000|  0%| F|  |TAMS 0x000000060dc00000, 0x000000060dc00000| Untracked 
|  10|0x000000060e000000, 0x000000060e000000, 0x000000060e400000|  0%| F|  |TAMS 0x000000060e000000, 0x000000060e000000| Untracked 
|  11|0x000000060e400000, 0x000000060e400000, 0x000000060e800000|  0%| F|  |TAMS 0x000000060e400000, 0x000000060e400000| Untracked 
|  12|0x000000060e800000, 0x000000060e800000, 0x000000060ec00000|  0%| F|  |TAMS 0x000000060e800000, 0x000000060e800000| Untracked 
|  13|0x000000060ec00000, 0x000000060ec00000, 0x000000060f000000|  0%| F|  |TAMS 0x000000060ec00000, 0x000000060ec00000| Untracked 
|  14|0x000000060f000000, 0x000000060f000000, 0x000000060f400000|  0%| F|  |TAMS 0x000000060f000000, 0x000000060f000000| Untracked 
|  15|0x000000060f400000, 0x000000060f400000, 0x000000060f800000|  0%| F|  |TAMS 0x000000060f400000, 0x000000060f400000| Untracked 
|  16|0x000000060f800000, 0x000000060f800000, 0x000000060fc00000|  0%| F|  |TAMS 0x000000060f800000, 0x000000060f800000| Untracked 
|  17|0x000000060fc00000, 0x000000060fc00000, 0x0000000610000000|  0%| F|  |TAMS 0x000000060fc00000, 0x000000060fc00000| Untracked 
|  18|0x0000000610000000, 0x0000000610000000, 0x0000000610400000|  0%| F|  |TAMS 0x0000000610000000, 0x0000000610000000| Untracked 
|  19|0x0000000610400000, 0x0000000610400000, 0x0000000610800000|  0%| F|  |TAMS 0x0000000610400000, 0x0000000610400000| Untracked 
|  20|0x0000000610800000, 0x0000000610800000, 0x0000000610c00000|  0%| F|  |TAMS 0x0000000610800000, 0x0000000610800000| Untracked 
|  21|0x0000000610c00000, 0x0000000610c00000, 0x0000000611000000|  0%| F|  |TAMS 0x0000000610c00000, 0x0000000610c00000| Untracked 
|  22|0x0000000611000000, 0x0000000611000000, 0x0000000611400000|  0%| F|  |TAMS 0x0000000611000000, 0x0000000611000000| Untracked 
|  23|0x0000000611400000, 0x0000000611400000, 0x0000000611800000|  0%| F|  |TAMS 0x0000000611400000, 0x0000000611400000| Untracked 
|  24|0x0000000611800000, 0x0000000611800000, 0x0000000611c00000|  0%| F|  |TAMS 0x0000000611800000, 0x0000000611800000| Untracked 
|  25|0x0000000611c00000, 0x0000000611c00000, 0x0000000612000000|  0%| F|  |TAMS 0x0000000611c00000, 0x0000000611c00000| Untracked 
|  26|0x0000000612000000, 0x0000000612000000, 0x0000000612400000|  0%| F|  |TAMS 0x0000000612000000, 0x0000000612000000| Untracked 
|  27|0x0000000612400000, 0x0000000612400000, 0x0000000612800000|  0%| F|  |TAMS 0x0000000612400000, 0x0000000612400000| Untracked 
|  28|0x0000000612800000, 0x0000000612800000, 0x0000000612c00000|  0%| F|  |TAMS 0x0000000612800000, 0x0000000612800000| Untracked 
|  29|0x0000000612c00000, 0x0000000612c00000, 0x0000000613000000|  0%| F|  |TAMS 0x0000000612c00000, 0x0000000612c00000| Untracked 
|  30|0x0000000613000000, 0x0000000613000000, 0x0000000613400000|  0%| F|  |TAMS 0x0000000613000000, 0x0000000613000000| Untracked 
|  31|0x0000000613400000, 0x0000000613400000, 0x0000000613800000|  0%| F|  |TAMS 0x0000000613400000, 0x0000000613400000| Untracked 
|  32|0x0000000613800000, 0x0000000613800000, 0x0000000613c00000|  0%| F|  |TAMS 0x0000000613800000, 0x0000000613800000| Untracked 
|  33|0x0000000613c00000, 0x0000000613c00000, 0x0000000614000000|  0%| F|  |TAMS 0x0000000613c00000, 0x0000000613c00000| Untracked 
|  34|0x0000000614000000, 0x0000000614000000, 0x0000000614400000|  0%| F|  |TAMS 0x0000000614000000, 0x0000000614000000| Untracked 
|  35|0x0000000614400000, 0x0000000614400000, 0x0000000614800000|  0%| F|  |TAMS 0x0000000614400000, 0x0000000614400000| Untracked 
|  36|0x0000000614800000, 0x0000000614800000, 0x0000000614c00000|  0%| F|  |TAMS 0x0000000614800000, 0x0000000614800000| Untracked 
|  37|0x0000000614c00000, 0x0000000614c00000, 0x0000000615000000|  0%| F|  |TAMS 0x0000000614c00000, 0x0000000614c00000| Untracked 
|  38|0x0000000615000000, 0x0000000615000000, 0x0000000615400000|  0%| F|  |TAMS 0x0000000615000000, 0x0000000615000000| Untracked 
|  39|0x0000000615400000, 0x0000000615400000, 0x0000000615800000|  0%| F|  |TAMS 0x0000000615400000, 0x0000000615400000| Untracked 
|  40|0x0000000615800000, 0x0000000615800000, 0x0000000615c00000|  0%| F|  |TAMS 0x0000000615800000, 0x0000000615800000| Untracked 
|  41|0x0000000615c00000, 0x0000000615c00000, 0x0000000616000000|  0%| F|  |TAMS 0x0000000615c00000, 0x0000000615c00000| Untracked 
|  42|0x0000000616000000, 0x0000000616000000, 0x0000000616400000|  0%| F|  |TAMS 0x0000000616000000, 0x0000000616000000| Untracked 
|  43|0x0000000616400000, 0x0000000616400000, 0x0000000616800000|  0%| F|  |TAMS 0x0000000616400000, 0x0000000616400000| Untracked 
|  44|0x0000000616800000, 0x0000000616800000, 0x0000000616c00000|  0%| F|  |TAMS 0x0000000616800000, 0x0000000616800000| Untracked 
|  45|0x0000000616c00000, 0x0000000616c00000, 0x0000000617000000|  0%| F|  |TAMS 0x0000000616c00000, 0x0000000616c00000| Untracked 
|  46|0x0000000617000000, 0x0000000617000000, 0x0000000617400000|  0%| F|  |TAMS 0x0000000617000000, 0x0000000617000000| Untracked 
|  47|0x0000000617400000, 0x0000000617400000, 0x0000000617800000|  0%| F|  |TAMS 0x0000000617400000, 0x0000000617400000| Untracked 
|  48|0x0000000617800000, 0x0000000617800000, 0x0000000617c00000|  0%| F|  |TAMS 0x0000000617800000, 0x0000000617800000| Untracked 
|  49|0x0000000617c00000, 0x0000000617c00000, 0x0000000618000000|  0%| F|  |TAMS 0x0000000617c00000, 0x0000000617c00000| Untracked 
|  50|0x0000000618000000, 0x0000000618000000, 0x0000000618400000|  0%| F|  |TAMS 0x0000000618000000, 0x0000000618000000| Untracked 
|  51|0x0000000618400000, 0x0000000618400000, 0x0000000618800000|  0%| F|  |TAMS 0x0000000618400000, 0x0000000618400000| Untracked 
|  52|0x0000000618800000, 0x0000000618800000, 0x0000000618c00000|  0%| F|  |TAMS 0x0000000618800000, 0x0000000618800000| Untracked 
|  53|0x0000000618c00000, 0x0000000618c00000, 0x0000000619000000|  0%| F|  |TAMS 0x0000000618c00000, 0x0000000618c00000| Untracked 
|  54|0x0000000619000000, 0x0000000619000000, 0x0000000619400000|  0%| F|  |TAMS 0x0000000619000000, 0x0000000619000000| Untracked 
|  55|0x0000000619400000, 0x0000000619400000, 0x0000000619800000|  0%| F|  |TAMS 0x0000000619400000, 0x0000000619400000| Untracked 
|  56|0x0000000619800000, 0x0000000619800000, 0x0000000619c00000|  0%| F|  |TAMS 0x0000000619800000, 0x0000000619800000| Untracked 
|  57|0x0000000619c00000, 0x0000000619c00000, 0x000000061a000000|  0%| F|  |TAMS 0x0000000619c00000, 0x0000000619c00000| Untracked 
|  58|0x000000061a000000, 0x000000061a000000, 0x000000061a400000|  0%| F|  |TAMS 0x000000061a000000, 0x000000061a000000| Untracked 
|  59|0x000000061a400000, 0x000000061a400000, 0x000000061a800000|  0%| F|  |TAMS 0x000000061a400000, 0x000000061a400000| Untracked 
|  60|0x000000061a800000, 0x000000061a800000, 0x000000061ac00000|  0%| F|  |TAMS 0x000000061a800000, 0x000000061a800000| Untracked 
|  61|0x000000061ac00000, 0x000000061ac00000, 0x000000061b000000|  0%| F|  |TAMS 0x000000061ac00000, 0x000000061ac00000| Untracked 
|  62|0x000000061b000000, 0x000000061b000000, 0x000000061b400000|  0%| F|  |TAMS 0x000000061b000000, 0x000000061b000000| Untracked 
|  63|0x000000061b400000, 0x000000061b400000, 0x000000061b800000|  0%| F|  |TAMS 0x000000061b400000, 0x000000061b400000| Untracked 
|  64|0x000000061b800000, 0x000000061b800000, 0x000000061bc00000|  0%| F|  |TAMS 0x000000061b800000, 0x000000061b800000| Untracked 
|  65|0x000000061bc00000, 0x000000061bc00000, 0x000000061c000000|  0%| F|  |TAMS 0x000000061bc00000, 0x000000061bc00000| Untracked 
|  66|0x000000061c000000, 0x000000061c000000, 0x000000061c400000|  0%| F|  |TAMS 0x000000061c000000, 0x000000061c000000| Untracked 
|  67|0x000000061c400000, 0x000000061c400000, 0x000000061c800000|  0%| F|  |TAMS 0x000000061c400000, 0x000000061c400000| Untracked 
|  68|0x000000061c800000, 0x000000061c800000, 0x000000061cc00000|  0%| F|  |TAMS 0x000000061c800000, 0x000000061c800000| Untracked 
|  69|0x000000061cc00000, 0x000000061cc00000, 0x000000061d000000|  0%| F|  |TAMS 0x000000061cc00000, 0x000000061cc00000| Untracked 
|  70|0x000000061d000000, 0x000000061d000000, 0x000000061d400000|  0%| F|  |TAMS 0x000000061d000000, 0x000000061d000000| Untracked 
|  71|0x000000061d400000, 0x000000061d400000, 0x000000061d800000|  0%| F|  |TAMS 0x000000061d400000, 0x000000061d400000| Untracked 
|  72|0x000000061d800000, 0x000000061d800000, 0x000000061dc00000|  0%| F|  |TAMS 0x000000061d800000, 0x000000061d800000| Untracked 
|  73|0x000000061dc00000, 0x000000061dc00000, 0x000000061e000000|  0%| F|  |TAMS 0x000000061dc00000, 0x000000061dc00000| Untracked 
|  74|0x000000061e000000, 0x000000061e000000, 0x000000061e400000|  0%| F|  |TAMS 0x000000061e000000, 0x000000061e000000| Untracked 
|  75|0x000000061e400000, 0x000000061e400000, 0x000000061e800000|  0%| F|  |TAMS 0x000000061e400000, 0x000000061e400000| Untracked 
|  76|0x000000061e800000, 0x000000061e800000, 0x000000061ec00000|  0%| F|  |TAMS 0x000000061e800000, 0x000000061e800000| Untracked 
|  77|0x000000061ec00000, 0x000000061ec00000, 0x000000061f000000|  0%| F|  |TAMS 0x000000061ec00000, 0x000000061ec00000| Untracked 
|  78|0x000000061f000000, 0x000000061f000000, 0x000000061f400000|  0%| F|  |TAMS 0x000000061f000000, 0x000000061f000000| Untracked 
|  79|0x000000061f400000, 0x000000061f400000, 0x000000061f800000|  0%| F|  |TAMS 0x000000061f400000, 0x000000061f400000| Untracked 
|  80|0x000000061f800000, 0x000000061f800000, 0x000000061fc00000|  0%| F|  |TAMS 0x000000061f800000, 0x000000061f800000| Untracked 
|  81|0x000000061fc00000, 0x000000061fc00000, 0x0000000620000000|  0%| F|  |TAMS 0x000000061fc00000, 0x000000061fc00000| Untracked 
|  82|0x0000000620000000, 0x0000000620000000, 0x0000000620400000|  0%| F|  |TAMS 0x0000000620000000, 0x0000000620000000| Untracked 
|  83|0x0000000620400000, 0x0000000620400000, 0x0000000620800000|  0%| F|  |TAMS 0x0000000620400000, 0x0000000620400000| Untracked 
|  84|0x0000000620800000, 0x0000000620800000, 0x0000000620c00000|  0%| F|  |TAMS 0x0000000620800000, 0x0000000620800000| Untracked 
|  85|0x0000000620c00000, 0x0000000620c00000, 0x0000000621000000|  0%| F|  |TAMS 0x0000000620c00000, 0x0000000620c00000| Untracked 
|  86|0x0000000621000000, 0x0000000621000000, 0x0000000621400000|  0%| F|  |TAMS 0x0000000621000000, 0x0000000621000000| Untracked 
|  87|0x0000000621400000, 0x0000000621400000, 0x0000000621800000|  0%| F|  |TAMS 0x0000000621400000, 0x0000000621400000| Untracked 
|  88|0x0000000621800000, 0x0000000621800000, 0x0000000621c00000|  0%| F|  |TAMS 0x0000000621800000, 0x0000000621800000| Untracked 
|  89|0x0000000621c00000, 0x0000000621c00000, 0x0000000622000000|  0%| F|  |TAMS 0x0000000621c00000, 0x0000000621c00000| Untracked 
|  90|0x0000000622000000, 0x0000000622000000, 0x0000000622400000|  0%| F|  |TAMS 0x0000000622000000, 0x0000000622000000| Untracked 
|  91|0x0000000622400000, 0x0000000622400000, 0x0000000622800000|  0%| F|  |TAMS 0x0000000622400000, 0x0000000622400000| Untracked 
|  92|0x0000000622800000, 0x0000000622800000, 0x0000000622c00000|  0%| F|  |TAMS 0x0000000622800000, 0x0000000622800000| Untracked 
|  93|0x0000000622c00000, 0x0000000622c00000, 0x0000000623000000|  0%| F|  |TAMS 0x0000000622c00000, 0x0000000622c00000| Untracked 
|  94|0x0000000623000000, 0x0000000623000000, 0x0000000623400000|  0%| F|  |TAMS 0x0000000623000000, 0x0000000623000000| Untracked 
|  95|0x0000000623400000, 0x0000000623400000, 0x0000000623800000|  0%| F|  |TAMS 0x0000000623400000, 0x0000000623400000| Untracked 
|  96|0x0000000623800000, 0x0000000623800000, 0x0000000623c00000|  0%| F|  |TAMS 0x0000000623800000, 0x0000000623800000| Untracked 
|  97|0x0000000623c00000, 0x0000000623c00000, 0x0000000624000000|  0%| F|  |TAMS 0x0000000623c00000, 0x0000000623c00000| Untracked 
|  98|0x0000000624000000, 0x0000000624000000, 0x0000000624400000|  0%| F|  |TAMS 0x0000000624000000, 0x0000000624000000| Untracked 
|  99|0x0000000624400000, 0x0000000624400000, 0x0000000624800000|  0%| F|  |TAMS 0x0000000624400000, 0x0000000624400000| Untracked 
| 100|0x0000000624800000, 0x0000000624800000, 0x0000000624c00000|  0%| F|  |TAMS 0x0000000624800000, 0x0000000624800000| Untracked 
| 101|0x0000000624c00000, 0x0000000624c00000, 0x0000000625000000|  0%| F|  |TAMS 0x0000000624c00000, 0x0000000624c00000| Untracked 
| 102|0x0000000625000000, 0x0000000625000000, 0x0000000625400000|  0%| F|  |TAMS 0x0000000625000000, 0x0000000625000000| Untracked 
| 103|0x0000000625400000, 0x0000000625400000, 0x0000000625800000|  0%| F|  |TAMS 0x0000000625400000, 0x0000000625400000| Untracked 
| 104|0x0000000625800000, 0x0000000625800000, 0x0000000625c00000|  0%| F|  |TAMS 0x0000000625800000, 0x0000000625800000| Untracked 
| 105|0x0000000625c00000, 0x0000000625c00000, 0x0000000626000000|  0%| F|  |TAMS 0x0000000625c00000, 0x0000000625c00000| Untracked 
| 106|0x0000000626000000, 0x0000000626000000, 0x0000000626400000|  0%| F|  |TAMS 0x0000000626000000, 0x0000000626000000| Untracked 
| 107|0x0000000626400000, 0x0000000626400000, 0x0000000626800000|  0%| F|  |TAMS 0x0000000626400000, 0x0000000626400000| Untracked 
| 108|0x0000000626800000, 0x0000000626800000, 0x0000000626c00000|  0%| F|  |TAMS 0x0000000626800000, 0x0000000626800000| Untracked 
| 109|0x0000000626c00000, 0x0000000626c00000, 0x0000000627000000|  0%| F|  |TAMS 0x0000000626c00000, 0x0000000626c00000| Untracked 
| 110|0x0000000627000000, 0x0000000627000000, 0x0000000627400000|  0%| F|  |TAMS 0x0000000627000000, 0x0000000627000000| Untracked 
| 111|0x0000000627400000, 0x0000000627400000, 0x0000000627800000|  0%| F|  |TAMS 0x0000000627400000, 0x0000000627400000| Untracked 
| 112|0x0000000627800000, 0x0000000627800000, 0x0000000627c00000|  0%| F|  |TAMS 0x0000000627800000, 0x0000000627800000| Untracked 
| 113|0x0000000627c00000, 0x0000000627c00000, 0x0000000628000000|  0%| F|  |TAMS 0x0000000627c00000, 0x0000000627c00000| Untracked 
| 114|0x0000000628000000, 0x0000000628000000, 0x0000000628400000|  0%| F|  |TAMS 0x0000000628000000, 0x0000000628000000| Untracked 
| 115|0x0000000628400000, 0x0000000628400000, 0x0000000628800000|  0%| F|  |TAMS 0x0000000628400000, 0x0000000628400000| Untracked 
| 116|0x0000000628800000, 0x0000000628800000, 0x0000000628c00000|  0%| F|  |TAMS 0x0000000628800000, 0x0000000628800000| Untracked 
| 117|0x0000000628c00000, 0x0000000628c00000, 0x0000000629000000|  0%| F|  |TAMS 0x0000000628c00000, 0x0000000628c00000| Untracked 
| 118|0x0000000629000000, 0x0000000629000000, 0x0000000629400000|  0%| F|  |TAMS 0x0000000629000000, 0x0000000629000000| Untracked 
| 119|0x0000000629400000, 0x00000006297476e0, 0x0000000629800000| 81%| S|CS|TAMS 0x0000000629400000, 0x0000000629400000| Complete 
| 120|0x0000000629800000, 0x0000000629800000, 0x0000000629c00000|  0%| F|  |TAMS 0x0000000629800000, 0x0000000629800000| Untracked 
| 121|0x0000000629c00000, 0x0000000629c00000, 0x000000062a000000|  0%| F|  |TAMS 0x0000000629c00000, 0x0000000629c00000| Untracked 
| 122|0x000000062a000000, 0x000000062a000000, 0x000000062a400000|  0%| F|  |TAMS 0x000000062a000000, 0x000000062a000000| Untracked 
| 123|0x000000062a400000, 0x000000062a400000, 0x000000062a800000|  0%| F|  |TAMS 0x000000062a400000, 0x000000062a400000| Untracked 
| 124|0x000000062a800000, 0x000000062a800000, 0x000000062ac00000|  0%| F|  |TAMS 0x000000062a800000, 0x000000062a800000| Untracked 
| 125|0x000000062ac00000, 0x000000062ae3f098, 0x000000062b000000| 56%| E|  |TAMS 0x000000062ac00000, 0x000000062ac00000| Complete 
|2000|0x00000007ff800000, 0x00000007ffb76000, 0x00000007ffc00000| 86%|OA|  |TAMS 0x00000007ff800000, 0x00000007ff800000| Untracked 
|2001|0x00000007ffc00000, 0x00000007ffc82000, 0x0000000800000000| 12%|CA|  |TAMS 0x00000007ffc00000, 0x00000007ffc00000| Untracked 

Card table byte_map: [0x00007fcd5f566000,0x00007fcd6050a000] _byte_map_base: 0x00007fcd5c50a000

Marking Bits (Prev, Next): (CMBitMap*) 0x00007fcd7805f750, (CMBitMap*) 0x00007fcd7805f790
 Prev Bits: [0x00007fcd568a2000, 0x00007fcd5e5c2000)
 Next Bits: [0x00007fcd4eb82000, 0x00007fcd568a2000)

Polling page: 0x00007fcd80424000

Metaspace:

Usage:
  Non-class:      5.45 MB used.
      Class:    283.85 KB used.
       Both:      5.72 MB used.

Virtual space:
  Non-class space:       16.00 MB reserved,       5.56 MB ( 35%) committed,  2 nodes.
      Class space:        1.00 GB reserved,     384.00 KB ( <1%) committed,  1 nodes.
             Both:        1.02 GB reserved,       5.94 MB ( <1%) committed. 

Chunk freelists:
   Non-Class:  3.92 MB
       Class:  3.55 MB
        Both:  7.47 MB

MaxMetaspaceSize: unlimited
CompressedClassSpaceSize: 1.00 GB
Initial GC threshold: 21.00 MB
Current GC threshold: 21.00 MB
CDS: on
MetaspaceReclaimPolicy: balanced
 - commit_granule_bytes: 65536.
 - commit_granule_words: 8192.
 - virtual_space_node_default_size: 1048576.
 - enlarge_chunks_in_place: 1.
 - new_chunks_are_fully_committed: 0.
 - uncommit_free_chunks: 1.
 - use_allocation_guard: 0.
 - handle_deallocations: 1.


Internal statistics:

num_allocs_failed_limit: 0.
num_arena_births: 102.
num_arena_deaths: 0.
num_vsnodes_births: 3.
num_vsnodes_deaths: 0.
num_space_committed: 93.
num_space_uncommitted: 0.
num_chunks_returned_to_freelist: 0.
num_chunks_taken_from_freelist: 269.
num_chunk_merges: 0.
num_chunk_splits: 198.
num_chunks_enlarged: 149.
num_purges: 0.
num_inconsistent_stats: 0.

CodeHeap 'non-profiled nmethods': size=120028Kb used=398Kb max_used=398Kb free=119629Kb
 bounds [0x00007fcd68f77000, 0x00007fcd691e7000, 0x00007fcd704ae000]
CodeHeap 'profiled nmethods': size=120028Kb used=1398Kb max_used=1398Kb free=118630Kb
 bounds [0x00007fcd61a40000, 0x00007fcd61cb0000, 0x00007fcd68f77000]
CodeHeap 'non-nmethods': size=5704Kb used=1654Kb max_used=1674Kb free=4049Kb
 bounds [0x00007fcd614ae000, 0x00007fcd6171e000, 0x00007fcd61a40000]
 total_blobs=1903 nmethods=870 adapters=947
 compilation: enabled
              stopped_count=0, restarted_count=0
 full_count=0

Compilation events (20 events):
Event: 0.752 Thread 0x00007fcd7816d0e0 nmethod 862 0x00007fcd61b9b310 code [0x00007fcd61b9b4a0, 0x00007fcd61b9b610]
Event: 0.752 Thread 0x00007fcd7816d0e0  863       3       java.util.ArrayList$Itr::next (66 bytes)
Event: 0.752 Thread 0x00007fcd7816d0e0 nmethod 863 0x00007fcd61b9b710 code [0x00007fcd61b9b920, 0x00007fcd61b9bd20]
Event: 0.752 Thread 0x00007fcd7816d0e0  861       3       java.util.ArrayList::isEmpty (13 bytes)
Event: 0.753 Thread 0x00007fcd7816d0e0 nmethod 861 0x00007fcd61b9bf90 code [0x00007fcd61b9c120, 0x00007fcd61b9c290]
Event: 0.753 Thread 0x00007fcd7816d0e0  864       3       java.util.ArrayList$Itr::checkForComodification (23 bytes)
Event: 0.753 Thread 0x00007fcd7816d0e0 nmethod 864 0x00007fcd61b9c310 code [0x00007fcd61b9c4c0, 0x00007fcd61b9c6a0]
Event: 0.753 Thread 0x00007fcd7816d0e0  865       3       cf.hydos.renderer.dataStructures.Vertex::averageTangents (67 bytes)
Event: 0.754 Thread 0x00007fcd7816d0e0 nmethod 865 0x00007fcd61b9c790 code [0x00007fcd61b9c9c0, 0x00007fcd61b9d0b0]
Event: 0.754 Thread 0x00007fcd7816d0e0  867       1       cf.hydos.renderer.dataStructures.Vertex::getLength (5 bytes)
Event: 0.754 Thread 0x00007fcd7816d0e0 nmethod 867 0x00007fcd68fd5010 code [0x00007fcd68fd51a0, 0x00007fcd68fd5270]
Event: 0.754 Thread 0x00007fcd7816d0e0  868       1       cf.hydos.renderer.dataStructures.Vertex::getTextureIndex (5 bytes)
Event: 0.754 Thread 0x00007fcd7816d0e0 nmethod 868 0x00007fcd68fd5310 code [0x00007fcd68fd54a0, 0x00007fcd68fd5570]
Event: 0.754 Thread 0x00007fcd7816d0e0  869       1       cf.hydos.renderer.dataStructures.Vertex::getNormalIndex (5 bytes)
Event: 0.754 Thread 0x00007fcd7816d0e0 nmethod 869 0x00007fcd68fd5610 code [0x00007fcd68fd57a0, 0x00007fcd68fd5870]
Event: 0.755 Thread 0x00007fcd10254dc0 nmethod 857 0x00007fcd68fd5910 code [0x00007fcd68fd5ac0, 0x00007fcd68fd6078]
Event: 0.755 Thread 0x00007fcd10254dc0  859       4       java.util.ArrayList::get (15 bytes)
Event: 0.756 Thread 0x00007fcd10254dc0 nmethod 859 0x00007fcd68fd6510 code [0x00007fcd68fd66a0, 0x00007fcd68fd67f8]
Event: 0.756 Thread 0x00007fcd10254dc0  858       4       java.lang.Integer::parseInt (7 bytes)
Event: 0.760 Thread 0x00007fcd7816d0e0  872       3       java.io.BufferedInputStream::getBufIfOpen (21 bytes)

GC Heap History (2 events):
Event: 0.743 GC heap before
{Heap before GC invocations=0 (full 0):
 garbage-first heap   total 524288K, used 28640K [0x000000060b800000, 0x0000000800000000)
  region size 4096K, 6 young (24576K), 0 survivors (0K)
 Metaspace       used 5835K, committed 6016K, reserved 1064960K
  class space    used 281K, committed 384K, reserved 1048576K
}
Event: 0.746 GC heap after
{Heap after GC invocations=1 (full 0):
 garbage-first heap   total 524288K, used 7421K [0x000000060b800000, 0x0000000800000000)
  region size 4096K, 1 young (4096K), 1 survivors (4096K)
 Metaspace       used 5835K, committed 6016K, reserved 1064960K
  class space    used 281K, committed 384K, reserved 1048576K
}

Deoptimization events (20 events):
Event: 0.629 Thread 0x00007fcd780276c0 DEOPT PACKING pc=0x00007fcd61b5001b sp=0x00007fcd7e855f70
Event: 0.629 Thread 0x00007fcd780276c0 DEOPT UNPACKING pc=0x00007fcd6150082f sp=0x00007fcd7e855460 mode 0
Event: 0.629 Thread 0x00007fcd780276c0 DEOPT PACKING pc=0x00007fcd61b4eb3c sp=0x00007fcd7e855af0
Event: 0.629 Thread 0x00007fcd780276c0 DEOPT UNPACKING pc=0x00007fcd6150082f sp=0x00007fcd7e854fb0 mode 0
Event: 0.629 Thread 0x00007fcd780276c0 DEOPT PACKING pc=0x00007fcd61b4ca11 sp=0x00007fcd7e855f60
Event: 0.629 Thread 0x00007fcd780276c0 DEOPT UNPACKING pc=0x00007fcd6150082f sp=0x00007fcd7e855420 mode 0
Event: 0.630 Thread 0x00007fcd780276c0 DEOPT PACKING pc=0x00007fcd61b4bc84 sp=0x00007fcd7e8560a0
Event: 0.630 Thread 0x00007fcd780276c0 DEOPT UNPACKING pc=0x00007fcd6150082f sp=0x00007fcd7e855560 mode 0
Event: 0.630 Thread 0x00007fcd780276c0 DEOPT PACKING pc=0x00007fcd61b4eb3c sp=0x00007fcd7e855af0
Event: 0.630 Thread 0x00007fcd780276c0 DEOPT UNPACKING pc=0x00007fcd6150082f sp=0x00007fcd7e854fb0 mode 0
Event: 0.630 Thread 0x00007fcd780276c0 DEOPT PACKING pc=0x00007fcd61b5001b sp=0x00007fcd7e855f70
Event: 0.630 Thread 0x00007fcd780276c0 DEOPT UNPACKING pc=0x00007fcd6150082f sp=0x00007fcd7e855460 mode 0
Event: 0.631 Thread 0x00007fcd780276c0 DEOPT PACKING pc=0x00007fcd61b4ca11 sp=0x00007fcd7e855f00
Event: 0.631 Thread 0x00007fcd780276c0 DEOPT UNPACKING pc=0x00007fcd6150082f sp=0x00007fcd7e8553c0 mode 0
Event: 0.632 Thread 0x00007fcd780276c0 DEOPT PACKING pc=0x00007fcd61b33519 sp=0x00007fcd7e855de0
Event: 0.632 Thread 0x00007fcd780276c0 DEOPT UNPACKING pc=0x00007fcd6150082f sp=0x00007fcd7e855308 mode 0
Event: 0.663 Thread 0x00007fcd780276c0 Uncommon trap: trap_request=0xffffff45 fr.pc=0x00007fcd68f91400 relative=0x0000000000000060
Event: 0.663 Thread 0x00007fcd780276c0 Uncommon trap: reason=unstable_if action=reinterpret pc=0x00007fcd68f91400 method=java.lang.String.isLatin1()Z @ 10 c2
Event: 0.663 Thread 0x00007fcd780276c0 DEOPT PACKING pc=0x00007fcd68f91400 sp=0x00007fcd7e854cf0
Event: 0.663 Thread 0x00007fcd780276c0 DEOPT UNPACKING pc=0x00007fcd61500099 sp=0x00007fcd7e854cb0 mode 2

Classes unloaded (0 events):
No events

Classes redefined (0 events):
No events

Internal exceptions (17 events):
Event: 0.090 Thread 0x00007fcd780276c0 Implicit null exception at 0x00007fcd68f81555 to 0x00007fcd68f816b8
Event: 0.141 Thread 0x00007fcd780276c0 Exception <a 'java/lang/NoSuchMethodError'{0x000000062a89f468}: 'void java.lang.invoke.DirectMethodHandle$Holder.invokeStatic(java.lang.Object, java.lang.Object)'> (0x000000062a89f468) 
thrown [src/hotspot/share/interpreter/linkResolver.cpp, line 766]
Event: 0.142 Thread 0x00007fcd780276c0 Exception <a 'java/lang/NoSuchMethodError'{0x000000062a8a8e88}: 'void java.lang.invoke.DirectMethodHandle$Holder.invokeSpecial(java.lang.Object, java.lang.Object, java.lang.Object)'> (0x000000062a8a8e88) 
thrown [src/hotspot/share/interpreter/linkResolver.cpp, line 766]
Event: 0.147 Thread 0x00007fcd780276c0 Exception <a 'java/lang/NoSuchMethodError'{0x000000062a8c2430}: 'java.lang.Object java.lang.invoke.DirectMethodHandle$Holder.invokeStatic(java.lang.Object, java.lang.Object, int)'> (0x000000062a8c2430) 
thrown [src/hotspot/share/interpreter/linkResolver.cpp, line 766]
Event: 0.148 Thread 0x00007fcd780276c0 Exception <a 'java/lang/NoSuchMethodError'{0x000000062a8ce168}: 'void java.lang.invoke.DelegatingMethodHandle$Holder.delegate(java.lang.Object, java.lang.Object, int, java.lang.Object)'> (0x000000062a8ce168) 
thrown [src/hotspot/share/interpreter/linkResolver.cpp, line 766]
Event: 0.149 Thread 0x00007fcd780276c0 Exception <a 'java/lang/NoSuchMethodError'{0x000000062a8d2120}: 'int java.lang.invoke.DirectMethodHandle$Holder.invokeSpecial(java.lang.Object, java.lang.Object, java.lang.Object)'> (0x000000062a8d2120) 
thrown [src/hotspot/share/interpreter/linkResolver.cpp, line 766]
Event: 0.182 Thread 0x00007fcd780276c0 Exception <a 'sun/nio/fs/UnixException'{0x000000062a9f4380}> (0x000000062a9f4380) 
thrown [src/hotspot/share/prims/jni.cpp, line 516]
Event: 0.190 Thread 0x00007fcd780276c0 Exception <a 'sun/nio/fs/UnixException'{0x000000062aa1e588}> (0x000000062aa1e588) 
thrown [src/hotspot/share/prims/jni.cpp, line 516]
Event: 0.196 Thread 0x00007fcd780276c0 Exception <a 'java/lang/NoSuchMethodError'{0x000000062aa65518}: 'java.lang.Object java.lang.invoke.DirectMethodHandle$Holder.invokeStaticInit(java.lang.Object)'> (0x000000062aa65518) 
thrown [src/hotspot/share/interpreter/linkResolver.cpp, line 766]
Event: 0.201 Thread 0x00007fcd780276c0 Exception <a 'java/lang/NoSuchMethodError'{0x000000062aa93078}: 'int java.lang.invoke.DirectMethodHandle$Holder.invokeStaticInit(java.lang.Object, java.lang.Object, int, long)'> (0x000000062aa93078) 
thrown [src/hotspot/share/interpreter/linkResolver.cpp, line 766]
Event: 0.201 Thread 0x00007fcd780276c0 Exception <a 'java/lang/NoSuchMethodError'{0x000000062aa98940}: 'java.lang.Object java.lang.invoke.DirectMethodHandle$Holder.newInvokeSpecial(java.lang.Object, java.lang.Object, int)'> (0x000000062aa98940) 
thrown [src/hotspot/share/interpreter/linkResolver.cpp, line 766]
Event: 0.203 Thread 0x00007fcd780276c0 Exception <a 'java/lang/NoSuchMethodError'{0x000000062aaa9fe8}: 'int java.lang.invoke.DirectMethodHandle$Holder.invokeStaticInit(java.lang.Object, java.lang.Object, long, long)'> (0x000000062aaa9fe8) 
thrown [src/hotspot/share/interpreter/linkResolver.cpp, line 766]
Event: 0.204 Thread 0x00007fcd780276c0 Exception <a 'java/lang/NoSuchMethodError'{0x000000062aab00f8}: 'java.lang.Object java.lang.invoke.DirectMethodHandle$Holder.newInvokeSpecial(java.lang.Object, java.lang.Object, long)'> (0x000000062aab00f8) 
thrown [src/hotspot/share/interpreter/linkResolver.cpp, line 766]
Event: 0.205 Thread 0x00007fcd780276c0 Exception <a 'java/lang/NoSuchMethodError'{0x000000062aab43e8}: 'java.lang.Object java.lang.invoke.Invokers$Holder.linkToTargetMethod(java.lang.Object, long, java.lang.Object)'> (0x000000062aab43e8) 
thrown [src/hotspot/share/interpreter/linkResolver.cpp, line 766]
Event: 0.206 Thread 0x00007fcd780276c0 Exception <a 'java/lang/NoSuchMethodError'{0x000000062aabbb00}: 'int java.lang.invoke.DirectMethodHandle$Holder.invokeStaticInit(java.lang.Object, java.lang.Object, java.lang.Object, long)'> (0x000000062aabbb00) 
thrown [src/hotspot/share/interpreter/linkResolver.cpp, line 766]
Event: 0.459 Thread 0x00007fcd780276c0 Exception <a 'sun/nio/fs/UnixException'{0x000000062abfa068}> (0x000000062abfa068) 
thrown [src/hotspot/share/prims/jni.cpp, line 516]
Event: 0.461 Thread 0x00007fcd780276c0 Exception <a 'sun/nio/fs/UnixException'{0x000000062a402c60}> (0x000000062a402c60) 
thrown [src/hotspot/share/prims/jni.cpp, line 516]

VM Operations (10 events):
Event: 0.058 Executing VM operation: HandshakeAllThreads
Event: 0.058 Executing VM operation: HandshakeAllThreads done
Event: 0.076 Executing VM operation: ChangeBreakpoints
Event: 0.077 Executing VM operation: ChangeBreakpoints done
Event: 0.088 Executing VM operation: ChangeBreakpoints
Event: 0.088 Executing VM operation: ChangeBreakpoints done
Event: 0.088 Executing VM operation: ChangeBreakpoints
Event: 0.088 Executing VM operation: ChangeBreakpoints done
Event: 0.742 Executing VM operation: G1CollectForAllocation
Event: 0.746 Executing VM operation: G1CollectForAllocation done

Events (20 events):
Event: 0.728 loading class java/lang/NumberFormatException
Event: 0.728 loading class java/lang/NumberFormatException done
Event: 0.729 loading class cf/hydos/renderer/dataStructures/JointData
Event: 0.729 loading class cf/hydos/renderer/dataStructures/JointData done
Event: 0.730 loading class cf/hydos/renderer/dataStructures/SkeletonData
Event: 0.730 loading class cf/hydos/renderer/dataStructures/SkeletonData done
Event: 0.730 loading class cf/hydos/renderer/colladaLoader/GeometryLoader
Event: 0.730 loading class cf/hydos/renderer/colladaLoader/GeometryLoader done
Event: 0.731 loading class cf/hydos/renderer/dataStructures/Vertex
Event: 0.731 loading class cf/hydos/renderer/dataStructures/Vertex done
Event: 0.758 loading class cf/hydos/renderer/dataStructures/MeshData
Event: 0.758 loading class cf/hydos/renderer/dataStructures/MeshData done
Event: 0.758 loading class cf/hydos/renderer/dataStructures/AnimatedModelData
Event: 0.758 loading class cf/hydos/renderer/dataStructures/AnimatedModelData done
Event: 0.759 loading class cf/hydos/renderer/textures/Texture
Event: 0.759 loading class cf/hydos/renderer/textures/Texture done
Event: 0.759 loading class cf/hydos/renderer/textures/TextureBuilder
Event: 0.759 loading class cf/hydos/renderer/textures/TextureBuilder done
Event: 0.759 loading class cf/hydos/renderer/textures/TextureUtils
Event: 0.759 loading class cf/hydos/renderer/textures/TextureUtils done


Dynamic libraries:
402b3000-40362000 rw-p 00000000 00:00 0 
406bb000-406bd000 r-xs 00000000 00:01 16165                              /memfd:/.glXXXXXX (deleted)
60b800000-62b000000 rw-p 00000000 00:00 0 
62b000000-7ff800000 ---p 00000000 00:00 0 
7ff800000-7ffb00000 rw-p 00000000 00:00 0 
7ffb00000-7ffb76000 rw-p 00c87000 103:02 13507291                        /usr/lib/jvm/java-17-adoptopenjdk/lib/server/classes.jsa
7ffb76000-7ffc00000 rw-p 00000000 00:00 0 
7ffc00000-7ffc82000 rw-p 00c05000 103:02 13507291                        /usr/lib/jvm/java-17-adoptopenjdk/lib/server/classes.jsa
7ffc82000-800000000 rw-p 00000000 00:00 0 
800000000-800bcd000 rw-p 00001000 103:02 13507291                        /usr/lib/jvm/java-17-adoptopenjdk/lib/server/classes.jsa
800bcd000-800c00000 ---p 00000000 00:00 0 
800c00000-800c40000 rw-p 00000000 00:00 0 
800c40000-800c60000 rw-p 00000000 00:00 0 
800c60000-840c00000 ---p 00000000 00:00 0 
55f741800000-55f741801000 r-xp 00000000 103:02 13374639                  /usr/lib/jvm/java-17-adoptopenjdk/bin/java
55f741a01000-55f741a02000 r--p 00001000 103:02 13374639                  /usr/lib/jvm/java-17-adoptopenjdk/bin/java
55f741a02000-55f741a03000 rw-p 00002000 103:02 13374639                  /usr/lib/jvm/java-17-adoptopenjdk/bin/java
55f7431c2000-55f7431e3000 rw-p 00000000 00:00 0                          [heap]
7fccc8000000-7fccc8021000 rw-p 00000000 00:00 0 
7fccc8021000-7fcccc000000 ---p 00000000 00:00 0 
7fcccc000000-7fcccc021000 rw-p 00000000 00:00 0 
7fcccc021000-7fccd0000000 ---p 00000000 00:00 0 
7fccd0000000-7fccd0021000 rw-p 00000000 00:00 0 
7fccd0021000-7fccd4000000 ---p 00000000 00:00 0 
7fccd4000000-7fccd4021000 rw-p 00000000 00:00 0 
7fccd4021000-7fccd8000000 ---p 00000000 00:00 0 
7fccd8000000-7fccd8021000 rw-p 00000000 00:00 0 
7fccd8021000-7fccdc000000 ---p 00000000 00:00 0 
7fccdc000000-7fccdc021000 rw-p 00000000 00:00 0 
7fccdc021000-7fcce0000000 ---p 00000000 00:00 0 
7fcce0000000-7fcce0021000 rw-p 00000000 00:00 0 
7fcce0021000-7fcce4000000 ---p 00000000 00:00 0 
7fcce4000000-7fcce4021000 rw-p 00000000 00:00 0 
7fcce4021000-7fcce8000000 ---p 00000000 00:00 0 
7fcce8000000-7fcce829f000 rw-p 00000000 00:00 0 
7fcce829f000-7fccec000000 ---p 00000000 00:00 0 
7fccec000000-7fccec021000 rw-p 00000000 00:00 0 
7fccec021000-7fccf0000000 ---p 00000000 00:00 0 
7fccf0000000-7fccf0400000 rw-p 00000000 00:00 0 
7fccf0400000-7fccf4000000 ---p 00000000 00:00 0 
7fccf5400000-7fccf5420000 rw-p 00000000 00:00 0 
7fccf5420000-7fccf5c00000 ---p 00000000 00:00 0 
7fccf5cac000-7fccf5cad000 ---p 00000000 00:00 0 
7fccf5cad000-7fccf5dae000 rw-p 00000000 00:00 0 
7fccf5dae000-7fccf7049000 r-xp 00000000 103:02 13000768                  /usr/lib/libnvidia-glcore.so.495.44
7fccf7049000-7fccf706a000 rwxp 0129b000 103:02 13000768                  /usr/lib/libnvidia-glcore.so.495.44
7fccf706a000-7fccf76ff000 r-xp 012bc000 103:02 13000768                  /usr/lib/libnvidia-glcore.so.495.44
7fccf76ff000-7fccf78ff000 ---p 01951000 103:02 13000768                  /usr/lib/libnvidia-glcore.so.495.44
7fccf78ff000-7fccf7e6d000 r--p 01951000 103:02 13000768                  /usr/lib/libnvidia-glcore.so.495.44
7fccf7e6d000-7fccf7fdd000 rw-p 01ebf000 103:02 13000768                  /usr/lib/libnvidia-glcore.so.495.44
7fccf7fdd000-7fccf8000000 rw-p 00000000 00:00 0 
7fccf8000000-7fccf8021000 rw-p 00000000 00:00 0 
7fccf8021000-7fccfc000000 ---p 00000000 00:00 0 
7fccfc000000-7fccfc021000 rw-p 00000000 00:00 0 
7fccfc021000-7fcd00000000 ---p 00000000 00:00 0 
7fcd00000000-7fcd00021000 rw-p 00000000 00:00 0 
7fcd00021000-7fcd04000000 ---p 00000000 00:00 0 
7fcd04000000-7fcd04021000 rw-p 00000000 00:00 0 
7fcd04021000-7fcd08000000 ---p 00000000 00:00 0 
7fcd08000000-7fcd08021000 rw-p 00000000 00:00 0 
7fcd08021000-7fcd0c000000 ---p 00000000 00:00 0 
7fcd0c000000-7fcd0c036000 rw-p 00000000 00:00 0 
7fcd0c036000-7fcd10000000 ---p 00000000 00:00 0 
7fcd10000000-7fcd10339000 rw-p 00000000 00:00 0 
7fcd10339000-7fcd14000000 ---p 00000000 00:00 0 
7fcd14000000-7fcd14021000 rw-p 00000000 00:00 0 
7fcd14021000-7fcd18000000 ---p 00000000 00:00 0 
7fcd18000000-7fcd18021000 rw-p 00000000 00:00 0 
7fcd18021000-7fcd1c000000 ---p 00000000 00:00 0 
7fcd1c000000-7fcd1c5d8000 rw-p 00000000 00:00 0 
7fcd1c5d8000-7fcd20000000 ---p 00000000 00:00 0 
7fcd20000000-7fcd20021000 rw-p 00000000 00:00 0 
7fcd20021000-7fcd24000000 ---p 00000000 00:00 0 
7fcd24000000-7fcd24021000 rw-p 00000000 00:00 0 
7fcd24021000-7fcd28000000 ---p 00000000 00:00 0 
7fcd28000000-7fcd28021000 rw-p 00000000 00:00 0 
7fcd28021000-7fcd2c000000 ---p 00000000 00:00 0 
7fcd2c000000-7fcd2c021000 rw-p 00000000 00:00 0 
7fcd2c021000-7fcd30000000 ---p 00000000 00:00 0 
7fcd30000000-7fcd30021000 rw-p 00000000 00:00 0 
7fcd30021000-7fcd34000000 ---p 00000000 00:00 0 
7fcd34076000-7fcd34077000 ---p 00000000 00:00 0 
7fcd34077000-7fcd34178000 rw-p 00000000 00:00 0 
7fcd34178000-7fcd34179000 ---p 00000000 00:00 0 
7fcd34179000-7fcd3427a000 rw-p 00000000 00:00 0 
7fcd3427a000-7fcd3427b000 ---p 00000000 00:00 0 
7fcd3427b000-7fcd3437c000 rw-p 00000000 00:00 0 
7fcd3437c000-7fcd3437d000 ---p 00000000 00:00 0 
7fcd3437d000-7fcd3447e000 rw-p 00000000 00:00 0 
7fcd3447e000-7fcd3447f000 ---p 00000000 00:00 0 
7fcd3447f000-7fcd34580000 rw-p 00000000 00:00 0 
7fcd34580000-7fcd34581000 ---p 00000000 00:00 0 
7fcd34581000-7fcd34682000 rw-p 00000000 00:00 0 
7fcd34682000-7fcd34683000 ---p 00000000 00:00 0 
7fcd34683000-7fcd34784000 rw-p 00000000 00:00 0 
7fcd34784000-7fcd34785000 ---p 00000000 00:00 0 
7fcd34785000-7fcd34886000 rw-p 00000000 00:00 0 
7fcd34886000-7fcd3488a000 ---p 00000000 00:00 0 
7fcd3488a000-7fcd34987000 rw-p 00000000 00:00 0 
7fcd34987000-7fcd3498b000 ---p 00000000 00:00 0 
7fcd3498b000-7fcd34a88000 rw-p 00000000 00:00 0 
7fcd34a88000-7fcd34a95000 r-xp 00000000 103:02 13374789                  /usr/lib/jvm/java-17-adoptopenjdk/lib/libverify.so
7fcd34a95000-7fcd34c94000 ---p 0000d000 103:02 13374789                  /usr/lib/jvm/java-17-adoptopenjdk/lib/libverify.so
7fcd34c94000-7fcd34c96000 r--p 0000c000 103:02 13374789                  /usr/lib/jvm/java-17-adoptopenjdk/lib/libverify.so
7fcd34c96000-7fcd34c97000 rw-p 0000e000 103:02 13374789                  /usr/lib/jvm/java-17-adoptopenjdk/lib/libverify.so
7fcd34c97000-7fcd34ced000 r-xp 00000000 00:21 7451                       /tmp/lwjglcope/3.3.0-build-21/liblwjgl_opengl.so
7fcd34ced000-7fcd34eec000 ---p 00056000 00:21 7451                       /tmp/lwjglcope/3.3.0-build-21/liblwjgl_opengl.so
7fcd34eec000-7fcd34eed000 r--p 00055000 00:21 7451                       /tmp/lwjglcope/3.3.0-build-21/liblwjgl_opengl.so
7fcd34eed000-7fcd34eee000 rw-p 00056000 00:21 7451                       /tmp/lwjglcope/3.3.0-build-21/liblwjgl_opengl.so
7fcd34eee000-7fcd34fee000 rw-s 00000000 00:05 553                        /dev/nvidiactl
7fcd34fee000-7fcd3506e000 rw-s 00000000 00:05 553                        /dev/nvidiactl
7fcd3506e000-7fcd35081000 rw-s 00000000 00:05 553                        /dev/nvidiactl
7fcd35081000-7fcd350c1000 rw-s 00000000 00:05 553                        /dev/nvidiactl
7fcd350c1000-7fcd350e1000 rw-s 00000000 00:05 553                        /dev/nvidiactl
7fcd350e1000-7fcd35121000 rw-s 00000000 00:05 553                        /dev/nvidiactl
7fcd35121000-7fcd35141000 rw-s 00000000 00:05 553                        /dev/nvidiactl
7fcd35141000-7fcd351c1000 rw-s 00000000 00:05 554                        /dev/nvidia0
7fcd351c1000-7fcd35201000 rw-s 00000000 00:05 553                        /dev/nvidiactl
7fcd35201000-7fcd353a6000 rw-s 00000000 00:01 2051                       /memfd:/.nvidia_drv.XXXXXX (deleted)
7fcd353a6000-7fcd353ab000 r--p 00000000 103:02 12999512                  /usr/lib/libdrm.so.2.4.0
7fcd353ab000-7fcd353b6000 r-xp 00005000 103:02 12999512                  /usr/lib/libdrm.so.2.4.0
7fcd353b6000-7fcd353ba000 r--p 00010000 103:02 12999512                  /usr/lib/libdrm.so.2.4.0
7fcd353ba000-7fcd353bb000 ---p 00014000 103:02 12999512                  /usr/lib/libdrm.so.2.4.0
7fcd353bb000-7fcd353bc000 r--p 00014000 103:02 12999512                  /usr/lib/libdrm.so.2.4.0
7fcd353bc000-7fcd353bd000 rw-p 00015000 103:02 12999512                  /usr/lib/libdrm.so.2.4.0
7fcd353bd000-7fcd353c2000 r--p 00000000 103:02 12989785                  /usr/lib/libgpg-error.so.0.32.1
7fcd353c2000-7fcd353d8000 r-xp 00005000 103:02 12989785                  /usr/lib/libgpg-error.so.0.32.1
7fcd353d8000-7fcd353e3000 r--p 0001b000 103:02 12989785                  /usr/lib/libgpg-error.so.0.32.1
7fcd353e3000-7fcd353e4000 r--p 00025000 103:02 12989785                  /usr/lib/libgpg-error.so.0.32.1
7fcd353e4000-7fcd353e5000 rw-p 00026000 103:02 12989785                  /usr/lib/libgpg-error.so.0.32.1
7fcd353e5000-7fcd353f4000 r--p 00000000 103:02 12989817                  /usr/lib/libgcrypt.so.20.3.4
7fcd353f4000-7fcd354d5000 r-xp 0000f000 103:02 12989817                  /usr/lib/libgcrypt.so.20.3.4
7fcd354d5000-7fcd35516000 r--p 000f0000 103:02 12989817                  /usr/lib/libgcrypt.so.20.3.4
7fcd35516000-7fcd35517000 ---p 00131000 103:02 12989817                  /usr/lib/libgcrypt.so.20.3.4
7fcd35517000-7fcd3551a000 r--p 00131000 103:02 12989817                  /usr/lib/libgcrypt.so.20.3.4
7fcd3551a000-7fcd35521000 rw-p 00134000 103:02 12989817                  /usr/lib/libgcrypt.so.20.3.4
7fcd35521000-7fcd35524000 r--p 00000000 103:02 12989967                  /usr/lib/liblz4.so.1.9.3
7fcd35524000-7fcd3553f000 r-xp 00003000 103:02 12989967                  /usr/lib/liblz4.so.1.9.3
7fcd3553f000-7fcd35542000 r--p 0001e000 103:02 12989967                  /usr/lib/liblz4.so.1.9.3
7fcd35542000-7fcd35543000 r--p 00020000 103:02 12989967                  /usr/lib/liblz4.so.1.9.3
7fcd35543000-7fcd35544000 rw-p 00021000 103:02 12989967                  /usr/lib/liblz4.so.1.9.3
7fcd35544000-7fcd35549000 r--p 00000000 103:02 12989985                  /usr/lib/libzstd.so.1.5.0
7fcd35549000-7fcd3563d000 r-xp 00005000 103:02 12989985                  /usr/lib/libzstd.so.1.5.0
7fcd3563d000-7fcd35650000 r--p 000f9000 103:02 12989985                  /usr/lib/libzstd.so.1.5.0
7fcd35650000-7fcd35651000 ---p 0010c000 103:02 12989985                  /usr/lib/libzstd.so.1.5.0
7fcd35651000-7fcd35652000 r--p 0010c000 103:02 12989985                  /usr/lib/libzstd.so.1.5.0
7fcd35652000-7fcd35653000 rw-p 0010d000 103:02 12989985                  /usr/lib/libzstd.so.1.5.0
7fcd35653000-7fcd35656000 r--p 00000000 103:02 12989399                  /usr/lib/liblzma.so.5.2.5
7fcd35656000-7fcd3566e000 r-xp 00003000 103:02 12989399                  /usr/lib/liblzma.so.5.2.5
7fcd3566e000-7fcd35679000 r--p 0001b000 103:02 12989399                  /usr/lib/liblzma.so.5.2.5
7fcd35679000-7fcd3567a000 ---p 00026000 103:02 12989399                  /usr/lib/liblzma.so.5.2.5
7fcd3567a000-7fcd3567b000 r--p 00026000 103:02 12989399                  /usr/lib/liblzma.so.5.2.5
7fcd3567b000-7fcd3567c000 rw-p 00027000 103:02 12989399                  /usr/lib/liblzma.so.5.2.5
7fcd3567c000-7fcd35690000 r--p 00000000 103:02 13025057                  /usr/lib/libsystemd.so.0.32.0
7fcd35690000-7fcd3570c000 r-xp 00014000 103:02 13025057                  /usr/lib/libsystemd.so.0.32.0
7fcd3570c000-7fcd35738000 r--p 00090000 103:02 13025057                  /usr/lib/libsystemd.so.0.32.0
7fcd35738000-7fcd3573f000 r--p 000bb000 103:02 13025057                  /usr/lib/libsystemd.so.0.32.0
7fcd3573f000-7fcd35740000 rw-p 000c2000 103:02 13025057                  /usr/lib/libsystemd.so.0.32.0
7fcd35740000-7fcd35741000 rw-p 00000000 00:00 0 
7fcd35741000-7fcd3574f000 r--p 00000000 103:02 12993628                  /usr/lib/libdbus-1.so.3.19.13
7fcd3574f000-7fcd3577e000 r-xp 0000e000 103:02 12993628                  /usr/lib/libdbus-1.so.3.19.13
7fcd3577e000-7fcd35793000 r--p 0003d000 103:02 12993628                  /usr/lib/libdbus-1.so.3.19.13
7fcd35793000-7fcd35795000 r--p 00051000 103:02 12993628                  /usr/lib/libdbus-1.so.3.19.13
7fcd35795000-7fcd35796000 rw-p 00053000 103:02 12993628                  /usr/lib/libdbus-1.so.3.19.13
7fcd3579b000-7fcd3579e000 rw-s 00000000 00:05 553                        /dev/nvidiactl
7fcd3579e000-7fcd357be000 rw-s 00000000 00:05 553                        /dev/nvidiactl
7fcd357be000-7fcd357ca000 r--p 00000000 103:02 12996182                  /usr/lib/libxcb-glx.so.0.0.0
7fcd357ca000-7fcd357d3000 r-xp 0000c000 103:02 12996182                  /usr/lib/libxcb-glx.so.0.0.0
7fcd357d3000-7fcd357d8000 r--p 00015000 103:02 12996182                  /usr/lib/libxcb-glx.so.0.0.0
7fcd357d8000-7fcd357d9000 ---p 0001a000 103:02 12996182                  /usr/lib/libxcb-glx.so.0.0.0
7fcd357d9000-7fcd357db000 r--p 0001a000 103:02 12996182                  /usr/lib/libxcb-glx.so.0.0.0
7fcd357db000-7fcd357dc000 rw-p 0001c000 103:02 12996182                  /usr/lib/libxcb-glx.so.0.0.0
7fcd357dc000-7fcd357df000 r-xp 00000000 103:02 13025991                  /usr/lib/libnvidia-tls.so.495.44
7fcd357df000-7fcd359df000 ---p 00003000 103:02 13025991                  /usr/lib/libnvidia-tls.so.495.44
7fcd359df000-7fcd359e0000 r--p 00003000 103:02 13025991                  /usr/lib/libnvidia-tls.so.495.44
7fcd359e0000-7fcd359e1000 rw-p 00004000 103:02 13025991                  /usr/lib/libnvidia-tls.so.495.44
7fcd359e1000-7fcd35a51000 r-xp 00000000 103:02 13000771                  /usr/lib/libnvidia-glsi.so.495.44
7fcd35a51000-7fcd35c51000 ---p 00070000 103:02 13000771                  /usr/lib/libnvidia-glsi.so.495.44
7fcd35c51000-7fcd35c7a000 r--p 00070000 103:02 13000771                  /usr/lib/libnvidia-glsi.so.495.44
7fcd35c7a000-7fcd35c7b000 rw-p 00099000 103:02 13000771                  /usr/lib/libnvidia-glsi.so.495.44
7fcd35c7b000-7fcd35c82000 rw-p 00000000 00:00 0 
7fcd35c82000-7fcd35d34000 r-xp 00000000 103:02 13000732                  /usr/lib/libGLX_nvidia.so.495.44
7fcd35d34000-7fcd35d69000 rwxp 000b2000 103:02 13000732                  /usr/lib/libGLX_nvidia.so.495.44
7fcd35d69000-7fcd35d70000 r-xp 000e7000 103:02 13000732                  /usr/lib/libGLX_nvidia.so.495.44
7fcd35d70000-7fcd35f6f000 ---p 000ee000 103:02 13000732                  /usr/lib/libGLX_nvidia.so.495.44
7fcd35f6f000-7fcd35fb8000 r--p 000ed000 103:02 13000732                  /usr/lib/libGLX_nvidia.so.495.44
7fcd35fb8000-7fcd35fbd000 rw-p 00136000 103:02 13000732                  /usr/lib/libGLX_nvidia.so.495.44
7fcd35fbd000-7fcd35fbf000 rw-p 00000000 00:00 0 
7fcd35fbf000-7fcd35fc2000 r--p 00000000 103:02 12999758                  /usr/lib/libGLX.so.0.0.0
7fcd35fc2000-7fcd35fdc000 r-xp 00003000 103:02 12999758                  /usr/lib/libGLX.so.0.0.0
7fcd35fdc000-7fcd35fdf000 r--p 0001d000 103:02 12999758                  /usr/lib/libGLX.so.0.0.0
7fcd35fdf000-7fcd35fe0000 ---p 00020000 103:02 12999758                  /usr/lib/libGLX.so.0.0.0
7fcd35fe0000-7fcd35fe1000 r--p 00020000 103:02 12999758                  /usr/lib/libGLX.so.0.0.0
7fcd35fe1000-7fcd35fe2000 rw-p 00021000 103:02 12999758                  /usr/lib/libGLX.so.0.0.0
7fcd35fe2000-7fcd35ff2000 rw-p 00000000 00:00 0 
7fcd35ff2000-7fcd36033000 r--p 00000000 103:02 12999761                  /usr/lib/libGLdispatch.so.0.0.0
7fcd36033000-7fcd36035000 r-xp 00041000 103:02 12999761                  /usr/lib/libGLdispatch.so.0.0.0
7fcd36035000-7fcd36070000 r-xp 00043000 103:02 12999761                  /usr/lib/libGLdispatch.so.0.0.0
7fcd36070000-7fcd36071000 r-xp 0007e000 103:02 12999761                  /usr/lib/libGLdispatch.so.0.0.0
7fcd36071000-7fcd36084000 r--p 0007f000 103:02 12999761                  /usr/lib/libGLdispatch.so.0.0.0
7fcd36084000-7fcd36085000 ---p 00092000 103:02 12999761                  /usr/lib/libGLdispatch.so.0.0.0
7fcd36085000-7fcd360a1000 r--p 00092000 103:02 12999761                  /usr/lib/libGLdispatch.so.0.0.0
7fcd360a1000-7fcd360a2000 rw-p 000ae000 103:02 12999761                  /usr/lib/libGLdispatch.so.0.0.0
7fcd360a2000-7fcd360aa000 rw-p 00000000 00:00 0 
7fcd360aa000-7fcd360ec000 r--p 00000000 103:02 12999752                  /usr/lib/libGL.so.1.7.0
7fcd360ec000-7fcd360ef000 r-xp 00042000 103:02 12999752                  /usr/lib/libGL.so.1.7.0
7fcd360ef000-7fcd3610a000 r-xp 00045000 103:02 12999752                  /usr/lib/libGL.so.1.7.0
7fcd3610a000-7fcd3610b000 r-xp 00060000 103:02 12999752                  /usr/lib/libGL.so.1.7.0
7fcd3610b000-7fcd36120000 r--p 00061000 103:02 12999752                  /usr/lib/libGL.so.1.7.0
7fcd36120000-7fcd3612e000 r--p 00075000 103:02 12999752                  /usr/lib/libGL.so.1.7.0
7fcd3612e000-7fcd3612f000 rw-p 00083000 103:02 12999752                  /usr/lib/libGL.so.1.7.0
7fcd3612f000-7fcd36130000 rw-p 00000000 00:00 0 
7fcd36130000-7fcd36131000 r--p 00000000 103:02 12998535                  /usr/lib/libX11-xcb.so.1.0.0
7fcd36131000-7fcd36132000 r-xp 00001000 103:02 12998535                  /usr/lib/libX11-xcb.so.1.0.0
7fcd36132000-7fcd36133000 r--p 00002000 103:02 12998535                  /usr/lib/libX11-xcb.so.1.0.0
7fcd36133000-7fcd36134000 r--p 00002000 103:02 12998535                  /usr/lib/libX11-xcb.so.1.0.0
7fcd36134000-7fcd36135000 rw-p 00003000 103:02 12998535                  /usr/lib/libX11-xcb.so.1.0.0
7fcd36135000-7fcd36136000 r--p 00000000 103:02 13000572                  /usr/lib/libXinerama.so.1.0.0
7fcd36136000-7fcd36137000 r-xp 00001000 103:02 13000572                  /usr/lib/libXinerama.so.1.0.0
7fcd36137000-7fcd36138000 r--p 00002000 103:02 13000572                  /usr/lib/libXinerama.so.1.0.0
7fcd36138000-7fcd36139000 r--p 00002000 103:02 13000572                  /usr/lib/libXinerama.so.1.0.0
7fcd36139000-7fcd3613a000 rw-p 00003000 103:02 13000572                  /usr/lib/libXinerama.so.1.0.0
7fcd3613a000-7fcd3613c000 r--p 00000000 103:02 12999599                  /usr/lib/libXfixes.so.3.1.0
7fcd3613c000-7fcd3613f000 r-xp 00002000 103:02 12999599                  /usr/lib/libXfixes.so.3.1.0
7fcd3613f000-7fcd36140000 r--p 00005000 103:02 12999599                  /usr/lib/libXfixes.so.3.1.0
7fcd36140000-7fcd36141000 ---p 00006000 103:02 12999599                  /usr/lib/libXfixes.so.3.1.0
7fcd36141000-7fcd36142000 r--p 00006000 103:02 12999599                  /usr/lib/libXfixes.so.3.1.0
7fcd36142000-7fcd36143000 rw-p 00007000 103:02 12999599                  /usr/lib/libXfixes.so.3.1.0
7fcd36143000-7fcd36146000 r--p 00000000 103:02 13000425                  /usr/lib/libXcursor.so.1.0.2
7fcd36146000-7fcd3614b000 r-xp 00003000 103:02 13000425                  /usr/lib/libXcursor.so.1.0.2
7fcd3614b000-7fcd3614d000 r--p 00008000 103:02 13000425                  /usr/lib/libXcursor.so.1.0.2
7fcd3614d000-7fcd3614e000 r--p 00009000 103:02 13000425                  /usr/lib/libXcursor.so.1.0.2
7fcd3614e000-7fcd3614f000 rw-p 0000a000 103:02 13000425                  /usr/lib/libXcursor.so.1.0.2
7fcd3614f000-7fcd36151000 r--p 00000000 103:02 13000155                  /usr/lib/libXrender.so.1.3.0
7fcd36151000-7fcd36158000 r-xp 00002000 103:02 13000155                  /usr/lib/libXrender.so.1.3.0
7fcd36158000-7fcd3615a000 r--p 00009000 103:02 13000155                  /usr/lib/libXrender.so.1.3.0
7fcd3615a000-7fcd3615b000 r--p 0000a000 103:02 13000155                  /usr/lib/libXrender.so.1.3.0
7fcd3615b000-7fcd3615c000 rw-p 0000b000 103:02 13000155                  /usr/lib/libXrender.so.1.3.0
7fcd3615c000-7fcd3615e000 r--p 00000000 103:02 13000585                  /usr/lib/libXrandr.so.2.2.0
7fcd3615e000-7fcd36165000 r-xp 00002000 103:02 13000585                  /usr/lib/libXrandr.so.2.2.0
7fcd36165000-7fcd36167000 r--p 00009000 103:02 13000585                  /usr/lib/libXrandr.so.2.2.0
7fcd36167000-7fcd36168000 r--p 0000a000 103:02 13000585                  /usr/lib/libXrandr.so.2.2.0
7fcd36168000-7fcd36169000 rw-p 0000b000 103:02 13000585                  /usr/lib/libXrandr.so.2.2.0
7fcd36169000-7fcd3616c000 r--p 00000000 103:02 13000463                  /usr/lib/libXi.so.6.1.0
7fcd3616c000-7fcd36178000 r-xp 00003000 103:02 13000463                  /usr/lib/libXi.so.6.1.0
7fcd36178000-7fcd3617b000 r--p 0000f000 103:02 13000463                  /usr/lib/libXi.so.6.1.0
7fcd3617b000-7fcd3617c000 r--p 00011000 103:02 13000463                  /usr/lib/libXi.so.6.1.0
7fcd3617c000-7fcd3617d000 rw-p 00012000 103:02 13000463                  /usr/lib/libXi.so.6.1.0
7fcd3617d000-7fcd36189000 r--p 00000000 103:02 12996236                  /usr/lib/libxcb.so.1.1.0
7fcd36189000-7fcd3619c000 r-xp 0000c000 103:02 12996236                  /usr/lib/libxcb.so.1.1.0
7fcd3619c000-7fcd361a5000 r--p 0001f000 103:02 12996236                  /usr/lib/libxcb.so.1.1.0
7fcd361a5000-7fcd361a6000 r--p 00027000 103:02 12996236                  /usr/lib/libxcb.so.1.1.0
7fcd361a6000-7fcd361a7000 rw-p 00028000 103:02 12996236                  /usr/lib/libxcb.so.1.1.0
7fcd361a7000-7fcd361c3000 r--p 00000000 103:02 12998538                  /usr/lib/libX11.so.6.4.0
7fcd361c3000-7fcd3624d000 r-xp 0001c000 103:02 12998538                  /usr/lib/libX11.so.6.4.0
7fcd3624d000-7fcd362e1000 r--p 000a6000 103:02 12998538                  /usr/lib/libX11.so.6.4.0
7fcd362e1000-7fcd362e4000 r--p 00139000 103:02 12998538                  /usr/lib/libX11.so.6.4.0
7fcd362e4000-7fcd362e8000 rw-p 0013c000 103:02 12998538                  /usr/lib/libX11.so.6.4.0
7fcd362e8000-7fcd3633f000 r-xp 00000000 00:21 7450                       /tmp/lwjglcope/3.3.0-build-21/libglfw.so
7fcd3633f000-7fcd3653e000 ---p 00057000 00:21 7450                       /tmp/lwjglcope/3.3.0-build-21/libglfw.so
7fcd3653e000-7fcd36541000 r--p 00056000 00:21 7450                       /tmp/lwjglcope/3.3.0-build-21/libglfw.so
7fcd36541000-7fcd36543000 rw-p 00059000 00:21 7450                       /tmp/lwjglcope/3.3.0-build-21/libglfw.so
7fcd36543000-7fcd36566000 rw-p 00000000 00:00 0 
7fcd36566000-7fcd365c5000 r-xp 00000000 00:21 162                        /tmp/lwjglcope/3.3.0-build-21/liblwjgl.so
7fcd365c5000-7fcd367c4000 ---p 0005f000 00:21 162                        /tmp/lwjglcope/3.3.0-build-21/liblwjgl.so
7fcd367c4000-7fcd367c5000 r--p 0005e000 00:21 162                        /tmp/lwjglcope/3.3.0-build-21/liblwjgl.so
7fcd367c5000-7fcd367c6000 rw-p 0005f000 00:21 162                        /tmp/lwjglcope/3.3.0-build-21/liblwjgl.so
7fcd367c6000-7fcd367db000 r-xp 00000000 103:02 13374780                  /usr/lib/jvm/java-17-adoptopenjdk/lib/libnet.so
7fcd367db000-7fcd369da000 ---p 00015000 103:02 13374780                  /usr/lib/jvm/java-17-adoptopenjdk/lib/libnet.so
7fcd369da000-7fcd369db000 r--p 00014000 103:02 13374780                  /usr/lib/jvm/java-17-adoptopenjdk/lib/libnet.so
7fcd369db000-7fcd369dc000 rw-p 00015000 103:02 13374780                  /usr/lib/jvm/java-17-adoptopenjdk/lib/libnet.so
7fcd369dc000-7fcd369ee000 r-xp 00000000 103:02 13374781                  /usr/lib/jvm/java-17-adoptopenjdk/lib/libnio.so
7fcd369ee000-7fcd36bed000 ---p 00012000 103:02 13374781                  /usr/lib/jvm/java-17-adoptopenjdk/lib/libnio.so
7fcd36bed000-7fcd36bee000 r--p 00011000 103:02 13374781                  /usr/lib/jvm/java-17-adoptopenjdk/lib/libnio.so
7fcd36bee000-7fcd36bef000 rw-p 00012000 103:02 13374781                  /usr/lib/jvm/java-17-adoptopenjdk/lib/libnio.so
7fcd36bef000-7fcd36bf0000 ---p 00000000 00:00 0 
7fcd36bf0000-7fcd36cf1000 rw-p 00000000 00:00 0 
7fcd36cf1000-7fcd36cf5000 ---p 00000000 00:00 0 
7fcd36cf5000-7fcd36df2000 rw-p 00000000 00:00 0 
7fcd36df2000-7fcd36df6000 ---p 00000000 00:00 0 
7fcd36df6000-7fcd36ef3000 rw-p 00000000 00:00 0 
7fcd36ef3000-7fcd36ef7000 ---p 00000000 00:00 0 
7fcd36ef7000-7fcd36ff4000 rw-p 00000000 00:00 0 
7fcd36ff4000-7fcd36ff8000 ---p 00000000 00:00 0 
7fcd36ff8000-7fcd370f5000 rw-p 00000000 00:00 0 
7fcd370f5000-7fcd370fa000 r-xp 00000000 103:02 13374759                  /usr/lib/jvm/java-17-adoptopenjdk/lib/libdt_socket.so
7fcd370fa000-7fcd372f9000 ---p 00005000 103:02 13374759                  /usr/lib/jvm/java-17-adoptopenjdk/lib/libdt_socket.so
7fcd372f9000-7fcd372fa000 r--p 00004000 103:02 13374759                  /usr/lib/jvm/java-17-adoptopenjdk/lib/libdt_socket.so
7fcd372fa000-7fcd372fb000 rw-p 00005000 103:02 13374759                  /usr/lib/jvm/java-17-adoptopenjdk/lib/libdt_socket.so
7fcd372fb000-7fcd372ff000 ---p 00000000 00:00 0 
7fcd372ff000-7fcd373fc000 rw-p 00000000 00:00 0 
7fcd373fc000-7fcd37400000 ---p 00000000 00:00 0 
7fcd37400000-7fcd374fd000 rw-p 00000000 00:00 0 
7fcd374fd000-7fcd37501000 ---p 00000000 00:00 0 
7fcd37501000-7fcd375fe000 rw-p 00000000 00:00 0 
7fcd375fe000-7fcd37602000 ---p 00000000 00:00 0 
7fcd37602000-7fcd376ff000 rw-p 00000000 00:00 0 
7fcd376ff000-7fcd37703000 ---p 00000000 00:00 0 
7fcd37703000-7fcd37970000 rw-p 00000000 00:00 0 
7fcd37970000-7fcd37c00000 ---p 00000000 00:00 0 
7fcd37c00000-7fcd37d40000 rw-p 00000000 00:00 0 
7fcd37d40000-7fcd38000000 rw-p 00000000 00:00 0 
7fcd38000000-7fcd38021000 rw-p 00000000 00:00 0 
7fcd38021000-7fcd3c000000 ---p 00000000 00:00 0 
7fcd3c000000-7fcd3c021000 rw-p 00000000 00:00 0 
7fcd3c021000-7fcd40000000 ---p 00000000 00:00 0 
7fcd40000000-7fcd40021000 rw-p 00000000 00:00 0 
7fcd40021000-7fcd44000000 ---p 00000000 00:00 0 
7fcd44000000-7fcd44021000 rw-p 00000000 00:00 0 
7fcd44021000-7fcd48000000 ---p 00000000 00:00 0 
7fcd48000000-7fcd48021000 rw-p 00000000 00:00 0 
7fcd48021000-7fcd4c000000 ---p 00000000 00:00 0 
7fcd4c001000-7fcd4c003000 rw-s 00000000 00:01 16165                      /memfd:/.glXXXXXX (deleted)
7fcd4c003000-7fcd4c007000 r--p 00000000 103:02 12999437                  /usr/lib/libXext.so.6.4.0
7fcd4c007000-7fcd4c012000 r-xp 00004000 103:02 12999437                  /usr/lib/libXext.so.6.4.0
7fcd4c012000-7fcd4c016000 r--p 0000f000 103:02 12999437                  /usr/lib/libXext.so.6.4.0
7fcd4c016000-7fcd4c017000 r--p 00012000 103:02 12999437                  /usr/lib/libXext.so.6.4.0
7fcd4c017000-7fcd4c018000 rw-p 00013000 103:02 12999437                  /usr/lib/libXext.so.6.4.0
7fcd4c018000-7fcd4c019000 r--p 00000000 103:02 12999572                  /usr/lib/libXxf86vm.so.1.0.0
7fcd4c019000-7fcd4c01c000 r-xp 00001000 103:02 12999572                  /usr/lib/libXxf86vm.so.1.0.0
7fcd4c01c000-7fcd4c01d000 r--p 00004000 103:02 12999572                  /usr/lib/libXxf86vm.so.1.0.0
7fcd4c01d000-7fcd4c01e000 r--p 00004000 103:02 12999572                  /usr/lib/libXxf86vm.so.1.0.0
7fcd4c01e000-7fcd4c01f000 rw-p 00005000 103:02 12999572                  /usr/lib/libXxf86vm.so.1.0.0
7fcd4c01f000-7fcd4c021000 r--p 00000000 103:02 12996150                  /usr/lib/libXdmcp.so.6.0.0
7fcd4c021000-7fcd4c023000 r-xp 00002000 103:02 12996150                  /usr/lib/libXdmcp.so.6.0.0
7fcd4c023000-7fcd4c025000 r--p 00004000 103:02 12996150                  /usr/lib/libXdmcp.so.6.0.0
7fcd4c025000-7fcd4c026000 r--p 00005000 103:02 12996150                  /usr/lib/libXdmcp.so.6.0.0
7fcd4c026000-7fcd4c027000 rw-p 00006000 103:02 12996150                  /usr/lib/libXdmcp.so.6.0.0
7fcd4c027000-7fcd4c02b000 ---p 00000000 00:00 0 
7fcd4c02b000-7fcd4c128000 rw-p 00000000 00:00 0 
7fcd4c128000-7fcd4c12c000 ---p 00000000 00:00 0 
7fcd4c12c000-7fcd4c229000 rw-p 00000000 00:00 0 
7fcd4c229000-7fcd4c22d000 ---p 00000000 00:00 0 
7fcd4c22d000-7fcd4c32a000 rw-p 00000000 00:00 0 
7fcd4c32a000-7fcd4c32e000 ---p 00000000 00:00 0 
7fcd4c32e000-7fcd4c42b000 rw-p 00000000 00:00 0 
7fcd4c42b000-7fcd4c42c000 ---p 00000000 00:00 0 
7fcd4c42c000-7fcd4c52d000 rw-p 00000000 00:00 0 
7fcd4c52d000-7fcd4c5fa000 r-xp 00000000 103:02 13374787                  /usr/lib/jvm/java-17-adoptopenjdk/lib/libsvml.so
7fcd4c5fa000-7fcd4c7fa000 ---p 000cd000 103:02 13374787                  /usr/lib/jvm/java-17-adoptopenjdk/lib/libsvml.so
7fcd4c7fa000-7fcd4c7fb000 r--p 000cd000 103:02 13374787                  /usr/lib/jvm/java-17-adoptopenjdk/lib/libsvml.so
7fcd4c7fb000-7fcd4c7fc000 rw-p 000ce000 103:02 13374787                  /usr/lib/jvm/java-17-adoptopenjdk/lib/libsvml.so
7fcd4c7fc000-7fcd4c87d000 rw-p 00000000 00:00 0 
7fcd4c87d000-7fcd4c87e000 ---p 00000000 00:00 0 
7fcd4c87e000-7fcd4c97f000 rw-p 00000000 00:00 0 
7fcd4c97f000-7fcd4c980000 ---p 00000000 00:00 0 
7fcd4c980000-7fcd4f362000 rw-p 00000000 00:00 0 
7fcd4f362000-7fcd56882000 ---p 00000000 00:00 0 
7fcd56882000-7fcd57082000 rw-p 00000000 00:00 0 
7fcd57082000-7fcd5e5a2000 ---p 00000000 00:00 0 
7fcd5e5a2000-7fcd5e6be000 rw-p 00000000 00:00 0 
7fcd5e6be000-7fcd5f562000 ---p 00000000 00:00 0 
7fcd5f562000-7fcd5f662000 rw-p 00000000 00:00 0 
7fcd5f662000-7fcd60506000 ---p 00000000 00:00 0 
7fcd60506000-7fcd60606000 rw-p 00000000 00:00 0 
7fcd60606000-7fcd614aa000 ---p 00000000 00:00 0 
7fcd614aa000-7fcd614ae000 rw-p 00000000 00:00 0 
7fcd614ae000-7fcd6171e000 rwxp 00000000 00:00 0 
7fcd6171e000-7fcd61a40000 ---p 00000000 00:00 0 
7fcd61a40000-7fcd61cb0000 rwxp 00000000 00:00 0 
7fcd61cb0000-7fcd68f77000 ---p 00000000 00:00 0 
7fcd68f77000-7fcd691e7000 rwxp 00000000 00:00 0 
7fcd691e7000-7fcd704ae000 ---p 00000000 00:00 0 
7fcd704ae000-7fcd78000000 r--s 00000000 103:02 13374791                  /usr/lib/jvm/java-17-adoptopenjdk/lib/modules
7fcd78000000-7fcd78f4a000 rw-p 00000000 00:00 0 
7fcd78f4a000-7fcd7c000000 ---p 00000000 00:00 0 
7fcd7c000000-7fcd7c004000 rw-s 00000000 00:05 553                        /dev/nvidiactl
7fcd7c004000-7fcd7c005000 r--p 00000000 103:02 12996154                  /usr/lib/libXau.so.6.0.0
7fcd7c005000-7fcd7c006000 r-xp 00001000 103:02 12996154                  /usr/lib/libXau.so.6.0.0
7fcd7c006000-7fcd7c007000 r--p 00002000 103:02 12996154                  /usr/lib/libXau.so.6.0.0
7fcd7c007000-7fcd7c008000 r--p 00002000 103:02 12996154                  /usr/lib/libXau.so.6.0.0
7fcd7c008000-7fcd7c009000 rw-p 00003000 103:02 12996154                  /usr/lib/libXau.so.6.0.0
7fcd7c00a000-7fcd7c00b000 rw-s 00000000 00:05 554                        /dev/nvidia0
7fcd7c00b000-7fcd7c00d000 rw-s 00000000 00:05 553                        /dev/nvidiactl
7fcd7c00d000-7fcd7c011000 rw-s 00000000 00:05 553                        /dev/nvidiactl
7fcd7c011000-7fcd7c012000 rw-s 00000000 00:05 553                        /dev/nvidiactl
7fcd7c012000-7fcd7c013000 rw-s 00000000 00:05 553                        /dev/nvidiactl
7fcd7c013000-7fcd7c014000 rw-s 00000000 00:05 553                        /dev/nvidiactl
7fcd7c014000-7fcd7c015000 rw-s 00044000 00:01 2051                       /memfd:/.nvidia_drv.XXXXXX (deleted)
7fcd7c015000-7fcd7c018000 r--p 00000000 103:02 12988960                  /usr/lib/libcap.so.2.61
7fcd7c018000-7fcd7c01d000 r-xp 00003000 103:02 12988960                  /usr/lib/libcap.so.2.61
7fcd7c01d000-7fcd7c01f000 r--p 00008000 103:02 12988960                  /usr/lib/libcap.so.2.61
7fcd7c01f000-7fcd7c020000 r--p 00009000 103:02 12988960                  /usr/lib/libcap.so.2.61
7fcd7c020000-7fcd7c021000 rw-p 0000a000 103:02 12988960                  /usr/lib/libcap.so.2.61
7fcd7c021000-7fcd7c031000 rw-s 00000000 00:05 554                        /dev/nvidia0
7fcd7c031000-7fcd7c9d6000 rw-p 00000000 00:00 0 
7fcd7c9d6000-7fcd7c9d7000 ---p 00000000 00:00 0 
7fcd7c9d7000-7fcd7cad8000 rw-p 00000000 00:00 0 
7fcd7cad8000-7fcd7cad9000 ---p 00000000 00:00 0 
7fcd7cad9000-7fcd7cbda000 rw-p 00000000 00:00 0 
7fcd7cbda000-7fcd7cbdb000 ---p 00000000 00:00 0 
7fcd7cbdb000-7fcd7d7ac000 rw-p 00000000 00:00 0 
7fcd7d7ac000-7fcd7d892000 ---p 00000000 00:00 0 
7fcd7d892000-7fcd7d897000 rw-p 00000000 00:00 0 
7fcd7d897000-7fcd7d97d000 ---p 00000000 00:00 0 
7fcd7d97d000-7fcd7d982000 rw-p 00000000 00:00 0 
7fcd7d982000-7fcd7d989000 ---p 00000000 00:00 0 
7fcd7d989000-7fcd7d990000 r-xp 00000000 103:02 13374790                  /usr/lib/jvm/java-17-adoptopenjdk/lib/libzip.so
7fcd7d990000-7fcd7db90000 ---p 00007000 103:02 13374790                  /usr/lib/jvm/java-17-adoptopenjdk/lib/libzip.so
7fcd7db90000-7fcd7db91000 r--p 00007000 103:02 13374790                  /usr/lib/jvm/java-17-adoptopenjdk/lib/libzip.so
7fcd7db91000-7fcd7db92000 rw-p 00008000 103:02 13374790                  /usr/lib/jvm/java-17-adoptopenjdk/lib/libzip.so
7fcd7db92000-7fcd7dec7000 r--p 00000000 103:02 12995821                  /usr/lib/locale/locale-archive
7fcd7dec7000-7fcd7ded1000 r-xp 00000000 103:02 13374762                  /usr/lib/jvm/java-17-adoptopenjdk/lib/libinstrument.so
7fcd7ded1000-7fcd7e0d0000 ---p 0000a000 103:02 13374762                  /usr/lib/jvm/java-17-adoptopenjdk/lib/libinstrument.so
7fcd7e0d0000-7fcd7e0d1000 r--p 00009000 103:02 13374762                  /usr/lib/jvm/java-17-adoptopenjdk/lib/libinstrument.so
7fcd7e0d1000-7fcd7e0d2000 rw-p 0000a000 103:02 13374762                  /usr/lib/jvm/java-17-adoptopenjdk/lib/libinstrument.so
7fcd7e0d2000-7fcd7e0f6000 r-xp 00000000 103:02 13374767                  /usr/lib/jvm/java-17-adoptopenjdk/lib/libjava.so
7fcd7e0f6000-7fcd7e2f6000 ---p 00024000 103:02 13374767                  /usr/lib/jvm/java-17-adoptopenjdk/lib/libjava.so
7fcd7e2f6000-7fcd7e2f7000 r--p 00024000 103:02 13374767                  /usr/lib/jvm/java-17-adoptopenjdk/lib/libjava.so
7fcd7e2f7000-7fcd7e2f8000 rw-p 00025000 103:02 13374767                  /usr/lib/jvm/java-17-adoptopenjdk/lib/libjava.so
7fcd7e2f8000-7fcd7e2f9000 rw-p 00000000 00:00 0 
7fcd7e2f9000-7fcd7e338000 r-xp 00000000 103:02 13374770                  /usr/lib/jvm/java-17-adoptopenjdk/lib/libjdwp.so
7fcd7e338000-7fcd7e537000 ---p 0003f000 103:02 13374770                  /usr/lib/jvm/java-17-adoptopenjdk/lib/libjdwp.so
7fcd7e537000-7fcd7e538000 r--p 0003e000 103:02 13374770                  /usr/lib/jvm/java-17-adoptopenjdk/lib/libjdwp.so
7fcd7e538000-7fcd7e539000 rw-p 0003f000 103:02 13374770                  /usr/lib/jvm/java-17-adoptopenjdk/lib/libjdwp.so
7fcd7e539000-7fcd7e53a000 rw-p 00000000 00:00 0 
7fcd7e53a000-7fcd7e555000 r-xp 00000000 103:02 13374771                  /usr/lib/jvm/java-17-adoptopenjdk/lib/libjimage.so
7fcd7e555000-7fcd7e754000 ---p 0001b000 103:02 13374771                  /usr/lib/jvm/java-17-adoptopenjdk/lib/libjimage.so
7fcd7e754000-7fcd7e756000 r--p 0001a000 103:02 13374771                  /usr/lib/jvm/java-17-adoptopenjdk/lib/libjimage.so
7fcd7e756000-7fcd7e757000 rw-p 0001c000 103:02 13374771                  /usr/lib/jvm/java-17-adoptopenjdk/lib/libjimage.so
7fcd7e757000-7fcd7e75b000 ---p 00000000 00:00 0 
7fcd7e75b000-7fcd7e858000 rw-p 00000000 00:00 0 
7fcd7e858000-7fcd7e867000 r--p 00000000 103:02 12979554                  /usr/lib/libm-2.33.so
7fcd7e867000-7fcd7e901000 r-xp 0000f000 103:02 12979554                  /usr/lib/libm-2.33.so
7fcd7e901000-7fcd7e999000 r--p 000a9000 103:02 12979554                  /usr/lib/libm-2.33.so
7fcd7e999000-7fcd7e99a000 ---p 00141000 103:02 12979554                  /usr/lib/libm-2.33.so
7fcd7e99a000-7fcd7e99b000 r--p 00141000 103:02 12979554                  /usr/lib/libm-2.33.so
7fcd7e99b000-7fcd7e99c000 rw-p 00142000 103:02 12979554                  /usr/lib/libm-2.33.so
7fcd7e99c000-7fcd7e99f000 r--p 00000000 103:02 12979590                  /usr/lib/librt-2.33.so
7fcd7e99f000-7fcd7e9a3000 r-xp 00003000 103:02 12979590                  /usr/lib/librt-2.33.so
7fcd7e9a3000-7fcd7e9a5000 r--p 00007000 103:02 12979590                  /usr/lib/librt-2.33.so
7fcd7e9a5000-7fcd7e9a6000 r--p 00008000 103:02 12979590                  /usr/lib/librt-2.33.so
7fcd7e9a6000-7fcd7e9a7000 rw-p 00009000 103:02 12979590                  /usr/lib/librt-2.33.so
7fcd7e9a7000-7fcd7fc96000 r-xp 00000000 103:02 13507294                  /usr/lib/jvm/java-17-adoptopenjdk/lib/server/libjvm.so
7fcd7fc96000-7fcd7fe95000 ---p 012ef000 103:02 13507294                  /usr/lib/jvm/java-17-adoptopenjdk/lib/server/libjvm.so
7fcd7fe95000-7fcd7ff4e000 r--p 012ee000 103:02 13507294                  /usr/lib/jvm/java-17-adoptopenjdk/lib/server/libjvm.so
7fcd7ff4e000-7fcd7ff82000 rw-p 013a7000 103:02 13507294                  /usr/lib/jvm/java-17-adoptopenjdk/lib/server/libjvm.so
7fcd7ff82000-7fcd7ffde000 rw-p 00000000 00:00 0 
7fcd7ffde000-7fcd80004000 r--p 00000000 103:02 12979541                  /usr/lib/libc-2.33.so
7fcd80004000-7fcd8014f000 r-xp 00026000 103:02 12979541                  /usr/lib/libc-2.33.so
7fcd8014f000-7fcd8019b000 r--p 00171000 103:02 12979541                  /usr/lib/libc-2.33.so
7fcd8019b000-7fcd8019e000 r--p 001bc000 103:02 12979541                  /usr/lib/libc-2.33.so
7fcd8019e000-7fcd801a1000 rw-p 001bf000 103:02 12979541                  /usr/lib/libc-2.33.so
7fcd801a1000-7fcd801aa000 rw-p 00000000 00:00 0 
7fcd801aa000-7fcd801ac000 r--p 00000000 103:02 12979548                  /usr/lib/libdl-2.33.so
7fcd801ac000-7fcd801ae000 r-xp 00002000 103:02 12979548                  /usr/lib/libdl-2.33.so
7fcd801ae000-7fcd801af000 r--p 00004000 103:02 12979548                  /usr/lib/libdl-2.33.so
7fcd801af000-7fcd801b0000 r--p 00004000 103:02 12979548                  /usr/lib/libdl-2.33.so
7fcd801b0000-7fcd801b1000 rw-p 00005000 103:02 12979548                  /usr/lib/libdl-2.33.so
7fcd801b1000-7fcd801b8000 r--p 00000000 103:02 12979582                  /usr/lib/libpthread-2.33.so
7fcd801b8000-7fcd801c7000 r-xp 00007000 103:02 12979582                  /usr/lib/libpthread-2.33.so
7fcd801c7000-7fcd801cb000 r--p 00016000 103:02 12979582                  /usr/lib/libpthread-2.33.so
7fcd801cb000-7fcd801cc000 ---p 0001a000 103:02 12979582                  /usr/lib/libpthread-2.33.so
7fcd801cc000-7fcd801cd000 r--p 0001a000 103:02 12979582                  /usr/lib/libpthread-2.33.so
7fcd801cd000-7fcd801ce000 rw-p 0001b000 103:02 12979582                  /usr/lib/libpthread-2.33.so
7fcd801ce000-7fcd801d2000 rw-p 00000000 00:00 0 
7fcd801d2000-7fcd801e1000 r-xp 00000000 103:02 13374772                  /usr/lib/jvm/java-17-adoptopenjdk/lib/libjli.so
7fcd801e1000-7fcd803e1000 ---p 0000f000 103:02 13374772                  /usr/lib/jvm/java-17-adoptopenjdk/lib/libjli.so
7fcd803e1000-7fcd803e2000 r--p 0000f000 103:02 13374772                  /usr/lib/jvm/java-17-adoptopenjdk/lib/libjli.so
7fcd803e2000-7fcd803e3000 rw-p 00010000 103:02 13374772                  /usr/lib/jvm/java-17-adoptopenjdk/lib/libjli.so
7fcd803e3000-7fcd803e6000 r--p 00000000 103:02 12989370                  /usr/lib/libz.so.1.2.11
7fcd803e6000-7fcd803f4000 r-xp 00003000 103:02 12989370                  /usr/lib/libz.so.1.2.11
7fcd803f4000-7fcd803fa000 r--p 00011000 103:02 12989370                  /usr/lib/libz.so.1.2.11
7fcd803fa000-7fcd803fb000 ---p 00017000 103:02 12989370                  /usr/lib/libz.so.1.2.11
7fcd803fb000-7fcd803fc000 r--p 00017000 103:02 12989370                  /usr/lib/libz.so.1.2.11
7fcd803fc000-7fcd803fd000 rw-p 00018000 103:02 12989370                  /usr/lib/libz.so.1.2.11
7fcd803fd000-7fcd80400000 rw-p 00000000 00:00 0 
7fcd80400000-7fcd80401000 r-xp 00049000 00:21 162                        /tmp/lwjglcope/3.3.0-build-21/liblwjgl.so
7fcd80401000-7fcd80402000 rw-p 00000000 00:00 0 
7fcd80402000-7fcd80408000 r--s 0005c000 103:02 22283437                  /home/cope/.local/share/JetBrains/Toolbox/apps/IDEA-U/ch-0/213.6461.79/plugins/java/lib/rt/debugger-agent.jar
7fcd80408000-7fcd80410000 rw-s 00000000 00:21 7467                       /tmp/hsperfdata_cope/272591
7fcd80410000-7fcd80413000 r--p 00000000 103:02 12979575                  /usr/lib/libnss_files-2.33.so
7fcd80413000-7fcd8041a000 r-xp 00003000 103:02 12979575                  /usr/lib/libnss_files-2.33.so
7fcd8041a000-7fcd8041c000 r--p 0000a000 103:02 12979575                  /usr/lib/libnss_files-2.33.so
7fcd8041c000-7fcd8041d000 r--p 0000b000 103:02 12979575                  /usr/lib/libnss_files-2.33.so
7fcd8041d000-7fcd8041e000 rw-p 0000c000 103:02 12979575                  /usr/lib/libnss_files-2.33.so
7fcd8041e000-7fcd80424000 rw-p 00000000 00:00 0 
7fcd80424000-7fcd80425000 ---p 00000000 00:00 0 
7fcd80425000-7fcd80426000 r--p 00000000 00:00 0 
7fcd80426000-7fcd80427000 ---p 00000000 00:00 0 
7fcd80427000-7fcd80428000 r--p 00000000 103:02 12979530                  /usr/lib/ld-2.33.so
7fcd80428000-7fcd8044c000 r-xp 00001000 103:02 12979530                  /usr/lib/ld-2.33.so
7fcd8044c000-7fcd80455000 r--p 00025000 103:02 12979530                  /usr/lib/ld-2.33.so
7fcd80455000-7fcd80457000 r--p 0002d000 103:02 12979530                  /usr/lib/ld-2.33.so
7fcd80457000-7fcd80459000 rw-p 0002f000 103:02 12979530                  /usr/lib/ld-2.33.so
7ffdd0e9c000-7ffdd0ebd000 rw-p 00000000 00:00 0                          [stack]
7ffdd0f95000-7ffdd0f99000 r--p 00000000 00:00 0                          [vvar]
7ffdd0f99000-7ffdd0f9b000 r-xp 00000000 00:00 0                          [vdso]
ffffffffff600000-ffffffffff601000 --xp 00000000 00:00 0                  [vsyscall]


VM Arguments:
jvm_args: -agentlib:jdwp=transport=dt_socket,address=127.0.0.1:55217,suspend=y,server=n -javaagent:/home/cope/.local/share/JetBrains/Toolbox/apps/IDEA-U/ch-0/213.6461.79/plugins/java/lib/rt/debugger-agent.jar -Dfile.encoding=UTF-8 
java_command: cf.hydos.renderer.main.AnimationApp
java_class_path (initial): /home/cope/projects/pixelmon-generations/StandaloneRenderer/out/production/classes:/home/cope/projects/pixelmon-generations/StandaloneRenderer/out/production/resources:/home/cope/.gradle/caches/modules-2/files-2.1/org.lwjgl/lwjgl-glfw/3.3.0/899e34f314525596f8fdb6476d3e56104da4601d/lwjgl-glfw-3.3.0.jar:/home/cope/.gradle/caches/modules-2/files-2.1/org.lwjgl/lwjgl-openal/3.3.0/902dd57b5a46e8a75ee843c2db61f80b4d130d48/lwjgl-openal-3.3.0.jar:/home/cope/.gradle/caches/modules-2/files-2.1/org.lwjgl/lwjgl-opengl/3.3.0/a1f395f7758a3abd5aff75fc8a20368ac371631e/lwjgl-opengl-3.3.0.jar:/home/cope/.gradle/caches/modules-2/files-2.1/org.lwjgl/lwjgl-stb/3.3.0/69becce49e19671fccca33bfb273231055bd9fcf/lwjgl-stb-3.3.0.jar:/home/cope/.gradle/caches/modules-2/files-2.1/org.lwjgl/lwjgl/3.3.0/77b0dc0b6a6c82fb47368e73d55e23fdcfcf49a1/lwjgl-3.3.0.jar:/home/cope/.gradle/caches/modules-2/files-2.1/org.joml/joml/1.10.3/492cd01b61c3b17bb7cabe943d85402e7a1a4c39/joml-1.10.3.jar:/home/cope/.gradle/caches/modules-2/files-2.1/org.lwjgl/lwjgl-glfw/3.3.0/d710d7211b4060f738123a47dcc530329ecb0661/lwjgl-glfw-3.3.0-natives-linux.jar:/home/cope/.gradle/caches/modules-2/files-2.1/org.lwjgl/lwjgl-openal/3.3.0/ec44eb3dd863e644160daa570d63f52be5b6c893/lwjgl-openal-3.3.0-natives-linux.jar:/home/cope/.gradle/caches/modules-2/files-2.1/org.lwjgl/lwjgl-opengl/3.3.0/10f740ad411597e64c0d59d2303a6bbe7e3d79d8/lwjgl-opengl-3.3.0-natives-linux.jar:/home/cope/.gradle/caches/modules-2/files-2.1/org.lwjgl/lwjgl-stb/3.3.0/4c1a538d22f9b4f11857fc9a244b7e8f65c145da/lwjgl-stb-3.3.0-natives-linux.jar:/home/cope/.gradle/caches/modules-2/files-2.1/org.lwjgl/lwjgl/3.3.0/ba27f18455bae3537174ace0af75c3114004b2e0/lwjgl-3.3.0-natives-linux.jar:/home/cope/.local/share/JetBrains/Toolbox/apps/IDEA-U/ch-0/213.6461.79/lib/idea_rt.jar
Launcher Type: SUN_STANDARD

[Global flags]
     intx CICompilerCount                          = 4                                         {product} {ergonomic}
     uint ConcGCThreads                            = 3                                         {product} {ergonomic}
     uint G1ConcRefinementThreads                  = 10                                        {product} {ergonomic}
   size_t G1HeapRegionSize                         = 4194304                                   {product} {ergonomic}
    uintx GCDrainStackTargetSize                   = 64                                        {product} {ergonomic}
   size_t InitialHeapSize                          = 528482304                                 {product} {ergonomic}
   size_t MarkStackSize                            = 4194304                                   {product} {ergonomic}
   size_t MaxHeapSize                              = 8396996608                                {product} {ergonomic}
   size_t MaxNewSize                               = 5037359104                                {product} {ergonomic}
   size_t MinHeapDeltaBytes                        = 4194304                                   {product} {ergonomic}
   size_t MinHeapSize                              = 8388608                                   {product} {ergonomic}
    uintx NonNMethodCodeHeapSize                   = 5839372                                {pd product} {ergonomic}
    uintx NonProfiledCodeHeapSize                  = 122909434                              {pd product} {ergonomic}
    uintx ProfiledCodeHeapSize                     = 122909434                              {pd product} {ergonomic}
    uintx ReservedCodeCacheSize                    = 251658240                              {pd product} {ergonomic}
     bool SegmentedCodeCache                       = true                                      {product} {ergonomic}
   size_t SoftMaxHeapSize                          = 8396996608                             {manageable} {ergonomic}
     bool UseCompressedClassPointers               = true                           {product lp64_product} {ergonomic}
     bool UseCompressedOops                        = true                           {product lp64_product} {ergonomic}
     bool UseG1GC                                  = true                                      {product} {ergonomic}

Logging:
Log output configuration:
 #0: stdout all=warning uptime,level,tags
 #1: stderr all=off uptime,level,tags

Environment Variables:
PATH=/home/cope/.cargo/bin:/usr/local/bin:/usr/bin:/usr/local/sbin:/usr/lib/jvm/default/bin:/usr/bin/site_perl:/usr/bin/vendor_perl:/usr/bin/core_perl
USERNAME=cope
SHELL=/bin/bash
DISPLAY=:1
LANG=en_US.UTF-8

Signal Handlers:
   SIGSEGV: 0x00007fcd7f9322b0 in libjvm.so+16298672, mask=11100100010111111101111111111110, flags=SA_RESTART|SA_SIGINFO
    SIGBUS: 0x00007fcd7f9322b0 in libjvm.so+16298672, mask=11100100010111111101111111111110, flags=SA_RESTART|SA_SIGINFO
    SIGFPE: 0x00007fcd7f9322b0 in libjvm.so+16298672, mask=11100100010111111101111111111110, flags=SA_RESTART|SA_SIGINFO
   SIGPIPE: 0x00007fcd7f7d0630 in libjvm.so+14849584, mask=11100100010111111101111111111110, flags=SA_RESTART|SA_SIGINFO
   SIGXFSZ: 0x00007fcd7f7d0630 in libjvm.so+14849584, mask=11100100010111111101111111111110, flags=SA_RESTART|SA_SIGINFO
    SIGILL: 0x00007fcd7f9322b0 in libjvm.so+16298672, mask=11100100010111111101111111111110, flags=SA_RESTART|SA_SIGINFO
   SIGUSR2: 0x00007fcd7f7cfcc0 in libjvm.so+14847168, mask=00100000000000000000000000000000, flags=SA_RESTART|SA_SIGINFO
    SIGHUP: SIG_IGN, mask=00000000000000000000000000000000, flags=none
    SIGINT: 0x00007fcd7f7cfc00 in libjvm.so+14846976, mask=11100100010111111101111111111110, flags=SA_RESTART|SA_SIGINFO
   SIGTERM: 0x00007fcd7f7cfc00 in libjvm.so+14846976, mask=11100100010111111101111111111110, flags=SA_RESTART|SA_SIGINFO
   SIGQUIT: 0x00007fcd7f7cfc00 in libjvm.so+14846976, mask=11100100010111111101111111111110, flags=SA_RESTART|SA_SIGINFO
   SIGTRAP: 0x00007fcd7f9322b0 in libjvm.so+16298672, mask=11100100010111111101111111111110, flags=SA_RESTART|SA_SIGINFO


---------------  S Y S T E M  ---------------

OS:
LSB_VERSION=1.4
DISTRIB_ID=Arch
DISTRIB_RELEASE=rolling
DISTRIB_DESCRIPTION="Arch Linux"
uname: Linux 5.15.5-arch1-1 #1 SMP PREEMPT Thu, 25 Nov 2021 22:09:33 +0000 x86_64
OS uptime: 0 days 6:09 hours
libc: glibc 2.33 NPTL 2.33 
rlimit (soft/hard): STACK 8192k/infinity , CORE infinity/infinity , NPROC 128053/128053 , NOFILE 524288/524288 , AS infinity/infinity , CPU infinity/infinity , DATA infinity/infinity , FSIZE infinity/infinity , MEMLOCK 64k/64k
load average: 2.43 2.42 2.79

/proc/meminfo:
MemTotal:       32797240 kB
MemFree:         8285012 kB
MemAvailable:   19305444 kB
Buffers:          396728 kB
Cached:         10758256 kB
SwapCached:            0 kB
Active:          3011044 kB
Inactive:       20107492 kB
Active(anon):      60360 kB
Inactive(anon): 12342616 kB
Active(file):    2950684 kB
Inactive(file):  7764876 kB
Unevictable:           0 kB
Mlocked:               0 kB
SwapTotal:             0 kB
SwapFree:              0 kB
Dirty:              7260 kB
Writeback:             0 kB
AnonPages:      11963760 kB
Mapped:          1598668 kB
Shmem:            439424 kB
KReclaimable:     768256 kB
Slab:             989196 kB
SReclaimable:     768256 kB
SUnreclaim:       220940 kB
KernelStack:       21996 kB
PageTables:        60764 kB
NFS_Unstable:          0 kB
Bounce:                0 kB
WritebackTmp:          0 kB
CommitLimit:    16398620 kB
Committed_AS:   20262280 kB
VmallocTotal:   34359738367 kB
VmallocUsed:       90392 kB
VmallocChunk:          0 kB
Percpu:            24320 kB
HardwareCorrupted:     0 kB
AnonHugePages:         0 kB
ShmemHugePages:        0 kB
ShmemPmdMapped:        0 kB
FileHugePages:         0 kB
FilePmdMapped:         0 kB
CmaTotal:              0 kB
CmaFree:               0 kB
HugePages_Total:       0
HugePages_Free:        0
HugePages_Rsvd:        0
HugePages_Surp:        0
Hugepagesize:       2048 kB
Hugetlb:               0 kB
DirectMap4k:     1097908 kB
DirectMap2M:    27142144 kB
DirectMap1G:     6291456 kB

/sys/kernel/mm/transparent_hugepage/enabled: always [madvise] never
/sys/kernel/mm/transparent_hugepage/defrag (defrag/compaction efforts parameter): always defer defer+madvise [madvise] never

Process Memory:
Virtual Size: 12259504K (peak: 12259664K)
Resident Set Size: 123544K (peak: 123544K) (anon: 78788K, file: 43712K, shmem: 1044K)
Swapped out: 0K
C-Heap outstanding allocations: 25161K

/proc/sys/kernel/threads-max (system-wide limit on the number of threads): 256107
/proc/sys/vm/max_map_count (maximum number of memory map areas a process may have): 65530
/proc/sys/kernel/pid_max (system-wide limit on number of process identifiers): 4194304

container (cgroup) information:
container_type: cgroupv2
cpu_cpuset_cpus: not supported
cpu_memory_nodes: not supported
active_processor_count: 12
cpu_quota: not supported
cpu_period: not supported
cpu_shares: not supported
memory_limit_in_bytes: unlimited
memory_and_swap_limit_in_bytes: unlimited
memory_soft_limit_in_bytes: unlimited
memory_usage_in_bytes: 17944989696
memory_max_usage_in_bytes: not supported

Steal ticks since vm start: 0
Steal ticks percentage since vm start:  0.000

CPU: total 12 (initial active 12) (12 cores per cpu, 2 threads per core) family 23 model 8 stepping 2 microcode 0x800820d, cx8, cmov, fxsr, ht, mmx, 3dnowpref, sse, sse2, sse3, ssse3, sse4a, sse4.1, sse4.2, popcnt, lzcnt, tsc, tscinvbit, avx, avx2, aes, clmul, bmi1, bmi2, adx, sha, fma, vzeroupper, clflush, clflushopt
CPU Model and flags from /proc/cpuinfo:
model name	: AMD Ryzen 5 2600 Six-Core Processor
flags		: fpu vme de pse tsc msr pae mce cx8 apic sep mtrr pge mca cmov pat pse36 clflush mmx fxsr sse sse2 ht syscall nx mmxext fxsr_opt pdpe1gb rdtscp lm constant_tsc rep_good nopl nonstop_tsc cpuid extd_apicid aperfmperf rapl pni pclmulqdq monitor ssse3 fma cx16 sse4_1 sse4_2 movbe popcnt aes xsave avx f16c rdrand lahf_lm cmp_legacy svm extapic cr8_legacy abm sse4a misalignsse 3dnowprefetch osvw skinit wdt tce topoext perfctr_core perfctr_nb bpext perfctr_llc mwaitx cpb hw_pstate ssbd ibpb vmmcall fsgsbase bmi1 avx2 smep bmi2 rdseed adx smap clflushopt sha_ni xsaveopt xsavec xgetbv1 xsaves clzero irperf xsaveerptr arat npt lbrv svm_lock nrip_save tsc_scale vmcb_clean flushbyasid decodeassists pausefilter pfthreshold avic v_vmsave_vmload vgif overflow_recov succor smca sme sev sev_es

Online cpus: 0-11
Offline cpus: 12-31
BIOS frequency limitation: 3400000
Frequency switch latency (ns): 0
Available cpu frequencies: 3400000 2800000 1550000 
Current governor: schedutil
Core performance/turbo boost: 1

Memory: 4k page, physical 32797240k(8285012k free), swap 0k(0k free)
Page Sizes: 4k

vm_info: OpenJDK 64-Bit Server VM (17+35) for linux-amd64 JRE (17+35), built on Sep 14 2021 22:13:23 by "" with gcc 7.5.0

END.
